2026-03-10 17:25:08 [54772] WARN  broker.c:2150: Default bridging Clientid is nanomq-3f6a80c5
2026-03-10 17:25:08 [54772] WARN  broker.c:1261: EMQX Edge (ver 1.3.0) Serving MQTT TCP on nmq-tcp://0.0.0.0:1883
2026-03-10 17:25:08 [54772] WARN  broker.c:1290: EMQX Edge (ver 1.3.0) Serving MQTT over WebSocket on nmq-ws://0.0.0.0:8083/mqtt
2026-03-10 17:25:08 [54772] WARN  web_server.c:348: Http Server folder set to D:\Mycode\CGNgateway-go\emqx-edge-1.3.0-windows-x86_64/dist
2026-03-10 17:25:08 [54772] WARN  broker.c:1376: EMQX Edge (ver 1.3.0) Serving HTTP Server on http://0.0.0.0:8081
2026-03-10 17:25:08 [54772] WARN  broker.c:1459: NanoMQ Broker is started successfully!

2026-03-10 17:25:18 [54772] WARN  mqtt_parser.c:744: 0 length of username found! It is a malformed CONNECT!					  But we let it bypass rules due to compatiblity.
2026-03-10 17:25:18 [54772] WARN  mqtt_parser.c:1354: mqttx_b04ac9b6 online!
2026-03-10 17:25:29 [54772] WARN  mqtt_parser.c:1354: cgn-gateway online!
2026-03-10 17:25:29 [54772] WARN  broker_tcp.c:1289: msg dropped due to exceed max packet size 1934 1054!
2026-03-10 17:25:30 [54772] WARN  broker_tcp.c:1289: msg dropped due to exceed max packet size 1926 1054!
2026-03-10 17:25:31 [54772] WARN  broker_tcp.c:1289: msg dropped due to exceed max packet size 1930 1054!
2026-03-10 17:25:32 [54772] WARN  broker_tcp.c:1289: msg dropped due to exceed max packet size 1928 1054!
2026-03-10 17:25:33 [54772] WARN  broker_tcp.c:1289: msg dropped due to exceed max packet size 1938 1054!
2026-03-10 17:25:34 [54772] WARN  broker_tcp.c:1289: msg dropped due to exceed max packet size 1936 1054!
2026-03-10 17:25:35 [54772] WARN  broker_tcp.c:1289: msg dropped due to exceed max packet size 1936 1054!
2026-03-10 17:25:36 [54772] WARN  broker_tcp.c:1289: msg dropped due to exceed max packet size 1930 1054!
2026-03-10 17:25:37 [54772] WARN  broker_tcp.c:1289: msg dropped due to exceed max packet size 1936 1054!
2026-03-10 17:25:38 [54772] WARN  broker_tcp.c:1289: msg dropped due to exceed max packet size 1931 1054!
2026-03-10 17:25:39 [54772] WARN  broker_tcp.c:1289: msg dropped due to exceed max packet size 1935 1054!
2026-03-10 17:25:40 [54772] WARN  broker_tcp.c:1289: msg dropped due to exceed max packet size 1934 1054!
2026-03-10 17:25:41 [54772] WARN  broker_tcp.c:1289: msg dropped due to exceed max packet size 1937 1054!
2026-03-10 17:25:42 [54772] WARN  broker_tcp.c:1289: msg dropped due to exceed max packet size 1930 1054!
2026-03-10 17:25:43 [54772] WARN  broker_tcp.c:1289: msg dropped due to exceed max packet size 1931 1054!
2026-03-10 17:25:44 [54772] WARN  broker_tcp.c:1289: msg dropped due to exceed max packet size 1932 1054!
2026-03-10 17:25:45 [54772] WARN  broker_tcp.c:1289: msg dropped due to exceed max packet size 1937 1054!
2026-03-10 17:25:46 [54772] WARN  broker_tcp.c:1289: msg dropped due to exceed max packet size 1938 1054!
2026-03-10 17:25:47 [54772] WARN  broker_tcp.c:1289: msg dropped due to exceed max packet size 1925 1054!
2026-03-10 17:25:48 [54772] WARN  broker_tcp.c:1289: msg dropped due to exceed max packet size 1931 1054!
2026-03-10 17:25:49 [54772] WARN  broker_tcp.c:1289: msg dropped due to exceed max packet size 1931 1054!
2026-03-10 17:25:50 [54772] WARN  broker_tcp.c:1289: msg dropped due to exceed max packet size 1940 1054!
2026-03-10 17:25:51 [54772] WARN  broker_tcp.c:1289: msg dropped due to exceed max packet size 1931 1054!
2026-03-10 17:25:52 [54772] WARN  broker_tcp.c:1289: msg dropped due to exceed max packet size 1936 1054!
2026-03-10 17:25:53 [54772] WARN  broker_tcp.c:1289: msg dropped due to exceed max packet size 1933 1054!
2026-03-10 17:25:54 [54772] WARN  broker_tcp.c:1289: msg dropped due to exceed max packet size 1928 1054!
2026-03-10 17:25:55 [54772] WARN  broker_tcp.c:1289: msg dropped due to exceed max packet size 1934 1054!
2026-03-10 17:25:56 [54772] WARN  broker_tcp.c:1289: msg dropped due to exceed max packet size 1939 1054!
2026-03-10 17:25:57 [54772] WARN  broker_tcp.c:1289: msg dropped due to exceed max packet size 1923 1054!
2026-03-10 17:25:58 [54772] WARN  broker_tcp.c:1289: msg dropped due to exceed max packet size 1932 1054!
2026-03-10 17:25:59 [54772] WARN  broker_tcp.c:1289: msg dropped due to exceed max packet size 1932 1054!
2026-03-10 17:26:00 [54772] WARN  broker_tcp.c:1289: msg dropped due to exceed max packet size 1926 1054!
2026-03-10 17:26:01 [54772] WARN  broker_tcp.c:1289: msg dropped due to exceed max packet size 1934 1054!
2026-03-10 17:26:02 [54772] WARN  broker_tcp.c:1289: msg dropped due to exceed max packet size 1923 1054!
2026-03-10 17:26:03 [54772] WARN  broker_tcp.c:1289: msg dropped due to exceed max packet size 1933 1054!
2026-03-10 17:26:04 [54772] WARN  broker_tcp.c:1289: msg dropped due to exceed max packet size 1933 1054!
2026-03-10 17:26:05 [54772] WARN  broker_tcp.c:1289: msg dropped due to exceed max packet size 1939 1054!
2026-03-10 17:26:06 [54772] WARN  broker_tcp.c:1289: msg dropped due to exceed max packet size 1929 1054!
2026-03-10 17:26:07 [54772] WARN  broker_tcp.c:1289: msg dropped due to exceed max packet size 1939 1054!
2026-03-10 17:26:08 [54772] WARN  broker_tcp.c:1289: msg dropped due to exceed max packet size 1935 1054!
2026-03-10 17:26:09 [54772] WARN  broker_tcp.c:1289: msg dropped due to exceed max packet size 1936 1054!
2026-03-10 17:26:10 [54772] WARN  broker_tcp.c:1289: msg dropped due to exceed max packet size 1940 1054!
2026-03-10 17:26:11 [54772] WARN  broker_tcp.c:1289: msg dropped due to exceed max packet size 1938 1054!
2026-03-10 17:26:12 [54772] WARN  broker_tcp.c:1289: msg dropped due to exceed max packet size 1943 1054!
2026-03-10 17:26:13 [54772] WARN  broker_tcp.c:1289: msg dropped due to exceed max packet size 1931 1054!
2026-03-10 17:26:14 [54772] WARN  broker_tcp.c:1289: msg dropped due to exceed max packet size 1932 1054!
2026-03-10 17:26:15 [54772] WARN  broker_tcp.c:1289: msg dropped due to exceed max packet size 1933 1054!
2026-03-10 17:26:16 [54772] WARN  broker_tcp.c:1289: msg dropped due to exceed max packet size 1929 1054!
2026-03-10 17:26:17 [54772] WARN  broker_tcp.c:1289: msg dropped due to exceed max packet size 1933 1054!
2026-03-10 17:26:18 [54772] WARN  broker_tcp.c:1289: msg dropped due to exceed max packet size 1938 1054!
2026-03-10 17:26:19 [54772] WARN  broker_tcp.c:1289: msg dropped due to exceed max packet size 1929 1054!
2026-03-10 17:26:20 [54772] WARN  broker_tcp.c:1289: msg dropped due to exceed max packet size 1936 1054!
2026-03-10 17:26:21 [54772] WARN  broker_tcp.c:1289: msg dropped due to exceed max packet size 1928 1054!
2026-03-10 17:26:22 [54772] WARN  broker_tcp.c:1289: msg dropped due to exceed max packet size 1932 1054!
2026-03-10 17:26:23 [54772] WARN  broker_tcp.c:1289: msg dropped due to exceed max packet size 1938 1054!
2026-03-10 17:26:24 [54772] WARN  broker_tcp.c:1289: msg dropped due to exceed max packet size 1936 1054!
2026-03-10 17:26:25 [54772] WARN  broker_tcp.c:1289: msg dropped due to exceed max packet size 1938 1054!
2026-03-10 17:26:26 [54772] WARN  broker_tcp.c:1289: msg dropped due to exceed max packet size 1936 1054!
2026-03-10 17:26:27 [54772] WARN  broker_tcp.c:1289: msg dropped due to exceed max packet size 1934 1054!
2026-03-10 17:26:28 [54772] WARN  broker_tcp.c:1289: msg dropped due to exceed max packet size 1932 1054!
2026-03-10 17:26:29 [54772] WARN  broker_tcp.c:1289: msg dropped due to exceed max packet size 1942 1054!
2026-03-10 17:26:30 [54772] WARN  broker_tcp.c:1289: msg dropped due to exceed max packet size 1935 1054!
2026-03-10 17:26:31 [54772] WARN  broker_tcp.c:1289: msg dropped due to exceed max packet size 1928 1054!
2026-03-10 17:26:32 [54772] WARN  broker_tcp.c:1289: msg dropped due to exceed max packet size 1937 1054!
2026-03-10 17:26:33 [54772] WARN  broker_tcp.c:1289: msg dropped due to exceed max packet size 1935 1054!
2026-03-10 17:26:34 [54772] WARN  broker_tcp.c:1289: msg dropped due to exceed max packet size 1930 1054!
2026-03-10 17:26:35 [54772] WARN  broker_tcp.c:1289: msg dropped due to exceed max packet size 1932 1054!
2026-03-10 17:26:36 [54772] WARN  broker_tcp.c:1289: msg dropped due to exceed max packet size 1938 1054!
2026-03-10 17:26:37 [54772] WARN  broker_tcp.c:1289: msg dropped due to exceed max packet size 1933 1054!
2026-03-10 17:26:38 [54772] WARN  broker_tcp.c:1289: msg dropped due to exceed max packet size 1937 1054!
2026-03-10 17:26:39 [54772] WARN  broker_tcp.c:1289: msg dropped due to exceed max packet size 1937 1054!
2026-03-10 17:26:40 [54772] WARN  broker_tcp.c:1289: msg dropped due to exceed max packet size 1937 1054!
2026-03-10 17:26:41 [54772] WARN  broker_tcp.c:1289: msg dropped due to exceed max packet size 1936 1054!
2026-03-10 17:26:42 [54772] WARN  broker_tcp.c:1289: msg dropped due to exceed max packet size 1939 1054!
2026-03-10 17:26:43 [54772] WARN  broker_tcp.c:1289: msg dropped due to exceed max packet size 1937 1054!
2026-03-10 17:26:44 [54772] WARN  broker_tcp.c:1289: msg dropped due to exceed max packet size 1926 1054!
2026-03-10 17:26:45 [54772] WARN  broker_tcp.c:1289: msg dropped due to exceed max packet size 1939 1054!
2026-03-10 17:26:46 [54772] WARN  broker_tcp.c:1289: msg dropped due to exceed max packet size 1936 1054!
2026-03-10 17:26:47 [54772] WARN  broker_tcp.c:1289: msg dropped due to exceed max packet size 1932 1054!
2026-03-10 17:26:48 [54772] WARN  broker_tcp.c:1289: msg dropped due to exceed max packet size 1936 1054!
2026-03-10 17:26:49 [54772] WARN  broker_tcp.c:1289: msg dropped due to exceed max packet size 1929 1054!
2026-03-10 17:26:50 [54772] WARN  broker_tcp.c:1289: msg dropped due to exceed max packet size 1932 1054!
2026-03-10 17:26:51 [54772] WARN  broker_tcp.c:1289: msg dropped due to exceed max packet size 1930 1054!
2026-03-10 17:26:52 [54772] WARN  broker_tcp.c:1289: msg dropped due to exceed max packet size 1937 1054!
2026-03-10 17:26:53 [54772] WARN  broker_tcp.c:1289: msg dropped due to exceed max packet size 1933 1054!
2026-03-10 17:26:54 [54772] WARN  broker_tcp.c:1289: msg dropped due to exceed max packet size 1931 1054!
2026-03-10 17:26:55 [54772] WARN  broker_tcp.c:1289: msg dropped due to exceed max packet size 1935 1054!
2026-03-10 17:26:57 [54772] WARN  broker_tcp.c:1289: msg dropped due to exceed max packet size 1938 1054!
2026-03-10 17:26:58 [54772] WARN  broker_tcp.c:1289: msg dropped due to exceed max packet size 1933 1054!
2026-03-10 17:26:59 [54772] WARN  broker_tcp.c:1289: msg dropped due to exceed max packet size 1933 1054!
2026-03-10 17:27:00 [54772] WARN  broker_tcp.c:1289: msg dropped due to exceed max packet size 1925 1054!
2026-03-10 17:27:01 [54772] WARN  broker_tcp.c:1289: msg dropped due to exceed max packet size 1935 1054!
2026-03-10 17:27:02 [54772] WARN  broker_tcp.c:1289: msg dropped due to exceed max packet size 1925 1054!
2026-03-10 17:27:03 [54772] WARN  broker_tcp.c:1289: msg dropped due to exceed max packet size 1936 1054!
2026-03-10 17:27:04 [54772] WARN  broker_tcp.c:1289: msg dropped due to exceed max packet size 1937 1054!
2026-03-10 17:27:05 [54772] WARN  broker_tcp.c:1289: msg dropped due to exceed max packet size 1929 1054!
2026-03-10 17:27:06 [54772] WARN  broker_tcp.c:1289: msg dropped due to exceed max packet size 1926 1054!
2026-03-10 17:27:07 [54772] WARN  broker_tcp.c:1289: msg dropped due to exceed max packet size 1944 1054!
2026-03-10 17:27:08 [54772] WARN  broker_tcp.c:1289: msg dropped due to exceed max packet size 1933 1054!
2026-03-10 17:27:09 [54772] WARN  broker_tcp.c:1289: msg dropped due to exceed max packet size 1938 1054!
2026-03-10 17:27:10 [54772] WARN  broker_tcp.c:1289: msg dropped due to exceed max packet size 1933 1054!
2026-03-10 17:27:11 [54772] WARN  broker_tcp.c:1289: msg dropped due to exceed max packet size 1937 1054!
2026-03-10 17:27:12 [54772] WARN  broker_tcp.c:1289: msg dropped due to exceed max packet size 1927 1054!
2026-03-10 17:27:13 [54772] WARN  broker_tcp.c:1289: msg dropped due to exceed max packet size 1941 1054!
2026-03-10 17:27:14 [54772] WARN  broker_tcp.c:1289: msg dropped due to exceed max packet size 1934 1054!
2026-03-10 17:27:15 [54772] WARN  broker_tcp.c:1289: msg dropped due to exceed max packet size 1935 1054!
2026-03-10 17:27:16 [54772] WARN  broker_tcp.c:1289: msg dropped due to exceed max packet size 1933 1054!
2026-03-10 17:27:17 [54772] WARN  broker_tcp.c:1289: msg dropped due to exceed max packet size 1932 1054!
2026-03-10 17:27:18 [54772] WARN  broker_tcp.c:1289: msg dropped due to exceed max packet size 1934 1054!
2026-03-10 17:27:19 [54772] WARN  broker_tcp.c:1289: msg dropped due to exceed max packet size 1939 1054!
2026-03-10 17:27:20 [54772] WARN  broker_tcp.c:1289: msg dropped due to exceed max packet size 1934 1054!
2026-03-10 17:27:21 [54772] WARN  broker_tcp.c:1289: msg dropped due to exceed max packet size 1937 1054!
2026-03-10 17:27:22 [54772] WARN  broker_tcp.c:1289: msg dropped due to exceed max packet size 1940 1054!
2026-03-10 17:27:23 [54772] WARN  broker_tcp.c:1289: msg dropped due to exceed max packet size 1934 1054!
2026-03-10 17:27:24 [54772] WARN  broker_tcp.c:1289: msg dropped due to exceed max packet size 1938 1054!
2026-03-10 17:27:25 [54772] WARN  broker_tcp.c:1289: msg dropped due to exceed max packet size 1930 1054!
2026-03-10 17:27:26 [54772] WARN  broker_tcp.c:1289: msg dropped due to exceed max packet size 1937 1054!
2026-03-10 17:27:27 [54772] WARN  broker_tcp.c:1289: msg dropped due to exceed max packet size 1942 1054!
2026-03-10 17:27:28 [54772] WARN  broker_tcp.c:1289: msg dropped due to exceed max packet size 1936 1054!
2026-03-10 17:27:29 [54772] WARN  broker_tcp.c:1289: msg dropped due to exceed max packet size 1936 1054!
2026-03-10 17:27:30 [54772] WARN  broker_tcp.c:1289: msg dropped due to exceed max packet size 1937 1054!
2026-03-10 17:27:31 [54772] WARN  broker_tcp.c:1289: msg dropped due to exceed max packet size 1937 1054!
2026-03-10 17:27:32 [54772] WARN  broker_tcp.c:1289: msg dropped due to exceed max packet size 1933 1054!
2026-03-10 17:27:33 [54772] WARN  broker_tcp.c:1289: msg dropped due to exceed max packet size 1932 1054!
2026-03-10 17:27:34 [54772] WARN  broker_tcp.c:1289: msg dropped due to exceed max packet size 1933 1054!
2026-03-10 17:27:35 [54772] WARN  broker_tcp.c:1289: msg dropped due to exceed max packet size 1942 1054!
2026-03-10 17:27:36 [54772] WARN  broker_tcp.c:1289: msg dropped due to exceed max packet size 1939 1054!
2026-03-10 17:27:37 [54772] WARN  broker_tcp.c:1289: msg dropped due to exceed max packet size 1936 1054!
2026-03-10 17:27:38 [54772] WARN  broker_tcp.c:1289: msg dropped due to exceed max packet size 1930 1054!
2026-03-10 17:27:39 [54772] WARN  broker_tcp.c:1289: msg dropped due to exceed max packet size 1940 1054!
2026-03-10 17:27:40 [54772] WARN  broker_tcp.c:1289: msg dropped due to exceed max packet size 1933 1054!
2026-03-10 17:27:41 [54772] WARN  broker_tcp.c:1289: msg dropped due to exceed max packet size 1934 1054!
2026-03-10 17:27:42 [54772] WARN  broker_tcp.c:1289: msg dropped due to exceed max packet size 1935 1054!
2026-03-10 17:27:43 [54772] WARN  broker_tcp.c:1289: msg dropped due to exceed max packet size 1924 1054!
2026-03-10 17:27:44 [54772] WARN  broker_tcp.c:1289: msg dropped due to exceed max packet size 1942 1054!
2026-03-10 17:27:45 [54772] WARN  broker_tcp.c:1289: msg dropped due to exceed max packet size 1932 1054!
2026-03-10 17:27:46 [54772] WARN  broker_tcp.c:1289: msg dropped due to exceed max packet size 1935 1054!
2026-03-10 17:27:47 [54772] WARN  broker_tcp.c:1289: msg dropped due to exceed max packet size 1927 1054!
2026-03-10 17:27:48 [54772] WARN  broker_tcp.c:1289: msg dropped due to exceed max packet size 1931 1054!
2026-03-10 17:27:49 [54772] WARN  broker_tcp.c:1289: msg dropped due to exceed max packet size 1936 1054!
2026-03-10 17:27:50 [54772] WARN  broker_tcp.c:1289: msg dropped due to exceed max packet size 1934 1054!
2026-03-10 17:27:51 [54772] WARN  broker_tcp.c:1289: msg dropped due to exceed max packet size 1937 1054!
2026-03-10 17:27:52 [54772] WARN  broker_tcp.c:1289: msg dropped due to exceed max packet size 1936 1054!
2026-03-10 17:27:53 [54772] WARN  broker_tcp.c:1289: msg dropped due to exceed max packet size 1940 1054!
2026-03-10 17:27:54 [54772] WARN  broker_tcp.c:1289: msg dropped due to exceed max packet size 1938 1054!
2026-03-10 17:27:55 [54772] WARN  broker_tcp.c:1289: msg dropped due to exceed max packet size 1936 1054!
2026-03-10 17:27:56 [54772] WARN  broker_tcp.c:1289: msg dropped due to exceed max packet size 1930 1054!
2026-03-10 17:27:57 [54772] WARN  broker_tcp.c:1289: msg dropped due to exceed max packet size 1937 1054!
2026-03-10 17:27:58 [54772] WARN  broker_tcp.c:1289: msg dropped due to exceed max packet size 1942 1054!
2026-03-10 17:27:59 [54772] WARN  broker_tcp.c:1289: msg dropped due to exceed max packet size 1933 1054!
2026-03-10 17:28:00 [54772] WARN  broker_tcp.c:1289: msg dropped due to exceed max packet size 1934 1054!
2026-03-10 17:28:01 [54772] WARN  broker_tcp.c:1289: msg dropped due to exceed max packet size 1930 1054!
2026-03-10 17:28:02 [54772] WARN  broker_tcp.c:1289: msg dropped due to exceed max packet size 1935 1054!
2026-03-10 17:28:03 [54772] WARN  broker_tcp.c:1289: msg dropped due to exceed max packet size 1932 1054!
2026-03-10 17:28:04 [54772] WARN  broker_tcp.c:1289: msg dropped due to exceed max packet size 1937 1054!
2026-03-10 17:28:05 [54772] WARN  broker_tcp.c:1289: msg dropped due to exceed max packet size 1933 1054!
2026-03-10 17:28:06 [54772] WARN  broker_tcp.c:1289: msg dropped due to exceed max packet size 1932 1054!
2026-03-10 17:28:07 [54772] WARN  broker_tcp.c:1289: msg dropped due to exceed max packet size 1937 1054!
2026-03-10 17:28:08 [54772] WARN  broker_tcp.c:1289: msg dropped due to exceed max packet size 1938 1054!
2026-03-10 17:28:09 [54772] WARN  broker_tcp.c:1289: msg dropped due to exceed max packet size 1944 1054!
2026-03-10 17:28:10 [54772] WARN  broker_tcp.c:1289: msg dropped due to exceed max packet size 1927 1054!
2026-03-10 17:28:11 [54772] WARN  broker_tcp.c:1289: msg dropped due to exceed max packet size 1929 1054!
2026-03-10 17:28:12 [54772] WARN  broker_tcp.c:1289: msg dropped due to exceed max packet size 1922 1054!
2026-03-10 17:28:13 [54772] WARN  broker_tcp.c:1289: msg dropped due to exceed max packet size 1934 1054!
2026-03-10 17:28:14 [54772] WARN  broker_tcp.c:1289: msg dropped due to exceed max packet size 1936 1054!
2026-03-10 17:28:15 [54772] WARN  broker_tcp.c:1289: msg dropped due to exceed max packet size 1933 1054!
2026-03-10 17:28:16 [54772] WARN  broker_tcp.c:1289: msg dropped due to exceed max packet size 1941 1054!
2026-03-10 17:28:17 [54772] WARN  broker_tcp.c:1289: msg dropped due to exceed max packet size 1935 1054!
2026-03-10 17:28:18 [54772] WARN  broker_tcp.c:1289: msg dropped due to exceed max packet size 1937 1054!
2026-03-10 17:28:19 [54772] WARN  broker_tcp.c:1289: msg dropped due to exceed max packet size 1932 1054!
2026-03-10 17:28:20 [54772] WARN  broker_tcp.c:1289: msg dropped due to exceed max packet size 1932 1054!
2026-03-10 17:28:21 [54772] WARN  broker_tcp.c:1289: msg dropped due to exceed max packet size 1937 1054!
2026-03-10 17:28:22 [54772] WARN  broker_tcp.c:1289: msg dropped due to exceed max packet size 1929 1054!
2026-03-10 17:28:23 [54772] WARN  broker_tcp.c:1289: msg dropped due to exceed max packet size 1922 1054!
2026-03-10 17:28:24 [54772] WARN  broker_tcp.c:1289: msg dropped due to exceed max packet size 1933 1054!
2026-03-10 17:28:25 [54772] WARN  broker_tcp.c:1289: msg dropped due to exceed max packet size 1936 1054!
2026-03-10 17:28:27 [54772] WARN  broker_tcp.c:1289: msg dropped due to exceed max packet size 1922 1054!
2026-03-10 17:28:28 [54772] WARN  broker_tcp.c:1289: msg dropped due to exceed max packet size 1940 1054!
2026-03-10 17:28:29 [54772] WARN  broker_tcp.c:1289: msg dropped due to exceed max packet size 1940 1054!
2026-03-10 17:28:30 [54772] WARN  broker_tcp.c:1289: msg dropped due to exceed max packet size 1932 1054!
2026-03-10 17:28:31 [54772] WARN  broker_tcp.c:1289: msg dropped due to exceed max packet size 1937 1054!
2026-03-10 17:28:32 [54772] WARN  broker_tcp.c:1289: msg dropped due to exceed max packet size 1936 1054!
2026-03-10 17:28:33 [54772] WARN  broker_tcp.c:1289: msg dropped due to exceed max packet size 1931 1054!
2026-03-10 17:28:34 [54772] WARN  broker_tcp.c:1289: msg dropped due to exceed max packet size 1932 1054!
2026-03-10 17:28:35 [54772] WARN  broker_tcp.c:1289: msg dropped due to exceed max packet size 1936 1054!
2026-03-10 17:28:36 [54772] WARN  broker_tcp.c:1289: msg dropped due to exceed max packet size 1936 1054!
2026-03-10 17:28:37 [54772] WARN  broker_tcp.c:1289: msg dropped due to exceed max packet size 1934 1054!
2026-03-10 17:28:38 [54772] WARN  broker_tcp.c:1289: msg dropped due to exceed max packet size 1939 1054!
2026-03-10 17:28:39 [54772] WARN  broker_tcp.c:1289: msg dropped due to exceed max packet size 1936 1054!
2026-03-10 17:28:40 [54772] WARN  broker_tcp.c:1289: msg dropped due to exceed max packet size 1930 1054!
2026-03-10 17:28:41 [54772] WARN  broker_tcp.c:1289: msg dropped due to exceed max packet size 1931 1054!
2026-03-10 17:28:42 [54772] WARN  broker_tcp.c:1289: msg dropped due to exceed max packet size 1935 1054!
2026-03-10 17:28:43 [54772] WARN  broker_tcp.c:1289: msg dropped due to exceed max packet size 1939 1054!
2026-03-10 17:28:44 [54772] WARN  broker_tcp.c:1289: msg dropped due to exceed max packet size 1933 1054!
2026-03-10 17:28:45 [54772] WARN  broker_tcp.c:1289: msg dropped due to exceed max packet size 1940 1054!
2026-03-10 17:28:46 [54772] WARN  broker_tcp.c:1289: msg dropped due to exceed max packet size 1933 1054!
2026-03-10 17:28:47 [54772] WARN  broker_tcp.c:1289: msg dropped due to exceed max packet size 1936 1054!
2026-03-10 17:28:48 [54772] WARN  broker_tcp.c:1289: msg dropped due to exceed max packet size 1922 1054!
2026-03-10 17:28:49 [54772] WARN  broker_tcp.c:1289: msg dropped due to exceed max packet size 1930 1054!
2026-03-10 17:28:50 [54772] WARN  broker_tcp.c:1289: msg dropped due to exceed max packet size 1937 1054!
2026-03-10 17:28:51 [54772] WARN  broker_tcp.c:1289: msg dropped due to exceed max packet size 1934 1054!
2026-03-10 17:28:52 [54772] WARN  broker_tcp.c:1289: msg dropped due to exceed max packet size 1934 1054!
2026-03-10 17:28:53 [54772] WARN  broker_tcp.c:1289: msg dropped due to exceed max packet size 1938 1054!
2026-03-10 17:28:54 [54772] WARN  broker_tcp.c:1289: msg dropped due to exceed max packet size 1937 1054!
2026-03-10 17:28:55 [54772] WARN  broker_tcp.c:1289: msg dropped due to exceed max packet size 1931 1054!
2026-03-10 17:28:56 [54772] WARN  broker_tcp.c:1289: msg dropped due to exceed max packet size 1931 1054!
2026-03-10 17:28:57 [54772] WARN  broker_tcp.c:1289: msg dropped due to exceed max packet size 1934 1054!
2026-03-10 17:28:58 [54772] WARN  broker_tcp.c:1289: msg dropped due to exceed max packet size 1927 1054!
2026-03-10 17:28:59 [54772] WARN  broker_tcp.c:1289: msg dropped due to exceed max packet size 1930 1054!
2026-03-10 17:29:00 [54772] WARN  broker_tcp.c:1289: msg dropped due to exceed max packet size 1939 1054!
2026-03-10 17:29:01 [54772] WARN  nmq_mqtt.c:994: cgn-gateway pipe close!
2026-03-10 17:29:01 [54772] WARN  mqtt_parser.c:1358: cgn-gateway offline!
2026-03-10 17:29:03 [54772] WARN  mqtt_parser.c:1354: cgn-gateway online!
2026-03-10 17:29:03 [54772] WARN  broker_tcp.c:1289: msg dropped due to exceed max packet size 1922 1054!
2026-03-10 17:29:04 [54772] WARN  broker_tcp.c:1289: msg dropped due to exceed max packet size 1927 1054!
2026-03-10 17:29:05 [54772] WARN  broker_tcp.c:1289: msg dropped due to exceed max packet size 1936 1054!
2026-03-10 17:29:06 [54772] WARN  broker_tcp.c:1289: msg dropped due to exceed max packet size 1934 1054!
2026-03-10 17:29:07 [54772] WARN  broker_tcp.c:1289: msg dropped due to exceed max packet size 1935 1054!
2026-03-10 17:29:08 [54772] WARN  broker_tcp.c:1289: msg dropped due to exceed max packet size 1935 1054!
2026-03-10 17:29:09 [54772] WARN  broker_tcp.c:1289: msg dropped due to exceed max packet size 1935 1054!
2026-03-10 17:29:10 [54772] WARN  broker_tcp.c:1289: msg dropped due to exceed max packet size 1938 1054!
2026-03-10 17:29:11 [54772] WARN  broker_tcp.c:1289: msg dropped due to exceed max packet size 1936 1054!
2026-03-10 17:29:12 [54772] WARN  broker_tcp.c:1289: msg dropped due to exceed max packet size 1940 1054!
2026-03-10 17:29:13 [54772] WARN  broker_tcp.c:1289: msg dropped due to exceed max packet size 1935 1054!
2026-03-10 17:29:14 [54772] WARN  broker_tcp.c:1289: msg dropped due to exceed max packet size 1940 1054!
2026-03-10 17:29:15 [54772] WARN  broker_tcp.c:1289: msg dropped due to exceed max packet size 1936 1054!
2026-03-10 17:29:16 [54772] WARN  broker_tcp.c:1289: msg dropped due to exceed max packet size 1934 1054!
2026-03-10 17:29:17 [54772] WARN  broker_tcp.c:1289: msg dropped due to exceed max packet size 1936 1054!
2026-03-10 17:29:18 [54772] WARN  broker_tcp.c:1289: msg dropped due to exceed max packet size 1940 1054!
2026-03-10 17:29:19 [54772] WARN  broker_tcp.c:1289: msg dropped due to exceed max packet size 1932 1054!
2026-03-10 17:29:20 [54772] WARN  broker_tcp.c:1289: msg dropped due to exceed max packet size 1938 1054!
2026-03-10 17:29:21 [54772] WARN  broker_tcp.c:1289: msg dropped due to exceed max packet size 1927 1054!
2026-03-10 17:29:22 [54772] WARN  broker_tcp.c:1289: msg dropped due to exceed max packet size 1940 1054!
2026-03-10 17:29:23 [54772] WARN  broker_tcp.c:1289: msg dropped due to exceed max packet size 1937 1054!
2026-03-10 17:29:24 [54772] WARN  broker_tcp.c:1289: msg dropped due to exceed max packet size 1938 1054!
2026-03-10 17:29:25 [54772] WARN  broker_tcp.c:1289: msg dropped due to exceed max packet size 1936 1054!
2026-03-10 17:29:26 [54772] WARN  broker_tcp.c:1289: msg dropped due to exceed max packet size 1934 1054!
2026-03-10 17:29:27 [54772] WARN  broker_tcp.c:1289: msg dropped due to exceed max packet size 1939 1054!
2026-03-10 17:29:28 [54772] WARN  broker_tcp.c:1289: msg dropped due to exceed max packet size 1931 1054!
2026-03-10 17:29:29 [54772] WARN  broker_tcp.c:1289: msg dropped due to exceed max packet size 1921 1054!
2026-03-10 17:29:30 [54772] WARN  broker_tcp.c:1289: msg dropped due to exceed max packet size 1937 1054!
2026-03-10 17:29:31 [54772] WARN  broker_tcp.c:1289: msg dropped due to exceed max packet size 1933 1054!
2026-03-10 17:29:32 [54772] WARN  broker_tcp.c:1289: msg dropped due to exceed max packet size 1939 1054!
2026-03-10 17:29:33 [54772] WARN  broker_tcp.c:1289: msg dropped due to exceed max packet size 1937 1054!
2026-03-10 17:29:34 [54772] WARN  broker_tcp.c:1289: msg dropped due to exceed max packet size 1922 1054!
2026-03-10 17:29:35 [54772] WARN  broker_tcp.c:1289: msg dropped due to exceed max packet size 1931 1054!
2026-03-10 17:29:36 [54772] WARN  broker_tcp.c:1289: msg dropped due to exceed max packet size 1932 1054!
2026-03-10 17:29:37 [54772] WARN  broker_tcp.c:1289: msg dropped due to exceed max packet size 1924 1054!
2026-03-10 17:29:38 [54772] WARN  broker_tcp.c:1289: msg dropped due to exceed max packet size 1932 1054!
2026-03-10 17:29:39 [54772] WARN  broker_tcp.c:1289: msg dropped due to exceed max packet size 1918 1054!
2026-03-10 17:29:40 [54772] WARN  broker_tcp.c:1289: msg dropped due to exceed max packet size 1932 1054!
2026-03-10 17:29:41 [54772] WARN  broker_tcp.c:1289: msg dropped due to exceed max packet size 1935 1054!
2026-03-10 17:29:43 [54772] WARN  broker_tcp.c:1289: msg dropped due to exceed max packet size 1932 1054!
2026-03-10 17:29:44 [54772] WARN  broker_tcp.c:1289: msg dropped due to exceed max packet size 1931 1054!
2026-03-10 17:29:45 [54772] WARN  broker_tcp.c:1289: msg dropped due to exceed max packet size 1937 1054!
2026-03-10 17:29:46 [54772] WARN  broker_tcp.c:1289: msg dropped due to exceed max packet size 1938 1054!
2026-03-10 17:29:47 [54772] WARN  broker_tcp.c:1289: msg dropped due to exceed max packet size 1936 1054!
2026-03-10 17:29:48 [54772] WARN  broker_tcp.c:1289: msg dropped due to exceed max packet size 1939 1054!
2026-03-10 17:29:49 [54772] WARN  broker_tcp.c:1289: msg dropped due to exceed max packet size 1934 1054!
2026-03-10 17:29:50 [54772] WARN  broker_tcp.c:1289: msg dropped due to exceed max packet size 1918 1054!
2026-03-10 17:29:51 [54772] WARN  broker_tcp.c:1289: msg dropped due to exceed max packet size 1938 1054!
2026-03-10 17:29:52 [54772] WARN  broker_tcp.c:1289: msg dropped due to exceed max packet size 1932 1054!
2026-03-10 17:29:53 [54772] WARN  broker_tcp.c:1289: msg dropped due to exceed max packet size 1936 1054!
2026-03-10 17:29:54 [54772] WARN  broker_tcp.c:1289: msg dropped due to exceed max packet size 1931 1054!
2026-03-10 17:29:55 [54772] WARN  broker_tcp.c:1289: msg dropped due to exceed max packet size 1940 1054!
2026-03-10 17:29:56 [54772] WARN  broker_tcp.c:1289: msg dropped due to exceed max packet size 1935 1054!
2026-03-10 17:29:57 [54772] WARN  broker_tcp.c:1289: msg dropped due to exceed max packet size 1935 1054!
2026-03-10 17:29:58 [54772] WARN  broker_tcp.c:1289: msg dropped due to exceed max packet size 1933 1054!
2026-03-10 17:29:59 [54772] WARN  broker_tcp.c:1289: msg dropped due to exceed max packet size 1928 1054!
2026-03-10 17:30:00 [54772] WARN  broker_tcp.c:1289: msg dropped due to exceed max packet size 1937 1054!
2026-03-10 17:30:01 [54772] WARN  broker_tcp.c:1289: msg dropped due to exceed max packet size 1931 1054!
2026-03-10 17:30:02 [54772] WARN  broker_tcp.c:1289: msg dropped due to exceed max packet size 1934 1054!
2026-03-10 17:30:03 [54772] WARN  broker_tcp.c:1289: msg dropped due to exceed max packet size 1935 1054!
2026-03-10 17:30:04 [54772] WARN  broker_tcp.c:1289: msg dropped due to exceed max packet size 1935 1054!
2026-03-10 17:30:05 [54772] WARN  broker_tcp.c:1289: msg dropped due to exceed max packet size 1937 1054!
2026-03-10 17:30:06 [54772] WARN  broker_tcp.c:1289: msg dropped due to exceed max packet size 1934 1054!
2026-03-10 17:30:07 [54772] WARN  broker_tcp.c:1289: msg dropped due to exceed max packet size 1931 1054!
2026-03-10 17:30:08 [54772] WARN  broker_tcp.c:1289: msg dropped due to exceed max packet size 1934 1054!
2026-03-10 17:30:09 [54772] WARN  broker_tcp.c:1289: msg dropped due to exceed max packet size 1943 1054!
2026-03-10 17:30:10 [54772] WARN  broker_tcp.c:1289: msg dropped due to exceed max packet size 1932 1054!
2026-03-10 17:30:11 [54772] WARN  nmq_mqtt.c:994: cgn-gateway pipe close!
2026-03-10 17:30:11 [54772] WARN  mqtt_parser.c:1358: cgn-gateway offline!
2026-03-10 17:30:12 [54772] WARN  mqtt_parser.c:1354: cgn-gateway online!
2026-03-10 17:30:13 [54772] WARN  broker_tcp.c:1289: msg dropped due to exceed max packet size 1935 1054!
2026-03-10 17:30:13 [54772] WARN  broker_tcp.c:1289: msg dropped due to exceed max packet size 1933 1054!
2026-03-10 17:30:14 [54772] WARN  broker_tcp.c:1289: msg dropped due to exceed max packet size 1932 1054!
2026-03-10 17:30:15 [54772] WARN  broker_tcp.c:1289: msg dropped due to exceed max packet size 1932 1054!
2026-03-10 17:30:16 [54772] WARN  broker_tcp.c:1289: msg dropped due to exceed max packet size 1927 1054!
2026-03-10 17:30:17 [54772] WARN  broker_tcp.c:1289: msg dropped due to exceed max packet size 1932 1054!
2026-03-10 17:30:18 [54772] WARN  broker_tcp.c:1289: msg dropped due to exceed max packet size 1937 1054!
2026-03-10 17:30:19 [54772] WARN  broker_tcp.c:1289: msg dropped due to exceed max packet size 1942 1054!
2026-03-10 17:30:20 [54772] WARN  broker_tcp.c:1289: msg dropped due to exceed max packet size 1933 1054!
2026-03-10 17:30:21 [54772] WARN  broker_tcp.c:1289: msg dropped due to exceed max packet size 1935 1054!
2026-03-10 17:30:22 [54772] WARN  broker_tcp.c:1289: msg dropped due to exceed max packet size 1939 1054!
2026-03-10 17:30:23 [54772] WARN  broker_tcp.c:1289: msg dropped due to exceed max packet size 1938 1054!
2026-03-10 17:30:24 [54772] WARN  broker_tcp.c:1289: msg dropped due to exceed max packet size 1935 1054!
2026-03-10 17:30:25 [54772] WARN  broker_tcp.c:1289: msg dropped due to exceed max packet size 1931 1054!
2026-03-10 17:30:26 [54772] WARN  broker_tcp.c:1289: msg dropped due to exceed max packet size 1933 1054!
2026-03-10 17:30:27 [54772] WARN  broker_tcp.c:1289: msg dropped due to exceed max packet size 1929 1054!
2026-03-10 17:30:28 [54772] WARN  broker_tcp.c:1289: msg dropped due to exceed max packet size 1938 1054!
2026-03-10 17:30:29 [54772] WARN  broker_tcp.c:1289: msg dropped due to exceed max packet size 1936 1054!
2026-03-10 17:30:30 [54772] WARN  broker_tcp.c:1289: msg dropped due to exceed max packet size 1937 1054!
2026-03-10 17:30:31 [54772] WARN  broker_tcp.c:1289: msg dropped due to exceed max packet size 1935 1054!
2026-03-10 17:30:32 [54772] WARN  broker_tcp.c:1289: msg dropped due to exceed max packet size 1935 1054!
2026-03-10 17:30:33 [54772] WARN  broker_tcp.c:1289: msg dropped due to exceed max packet size 1939 1054!
2026-03-10 17:30:34 [54772] WARN  broker_tcp.c:1289: msg dropped due to exceed max packet size 1936 1054!
2026-03-10 17:30:35 [54772] WARN  broker_tcp.c:1289: msg dropped due to exceed max packet size 1940 1054!
2026-03-10 17:30:36 [54772] WARN  broker_tcp.c:1289: msg dropped due to exceed max packet size 1924 1054!
2026-03-10 17:30:37 [54772] WARN  broker_tcp.c:1289: msg dropped due to exceed max packet size 1936 1054!
2026-03-10 17:30:38 [54772] WARN  broker_tcp.c:1289: msg dropped due to exceed max packet size 1937 1054!
2026-03-10 17:30:39 [54772] WARN  broker_tcp.c:1289: msg dropped due to exceed max packet size 1939 1054!
2026-03-10 17:30:40 [54772] WARN  broker_tcp.c:1289: msg dropped due to exceed max packet size 1935 1054!
2026-03-10 17:30:41 [54772] WARN  broker_tcp.c:1289: msg dropped due to exceed max packet size 1932 1054!
2026-03-10 17:30:42 [54772] WARN  broker_tcp.c:1289: msg dropped due to exceed max packet size 1937 1054!
2026-03-10 17:30:43 [54772] WARN  broker_tcp.c:1289: msg dropped due to exceed max packet size 1942 1054!
2026-03-10 17:30:44 [54772] WARN  broker_tcp.c:1289: msg dropped due to exceed max packet size 1934 1054!
2026-03-10 17:30:45 [54772] WARN  broker_tcp.c:1289: msg dropped due to exceed max packet size 1932 1054!
2026-03-10 17:30:46 [54772] WARN  broker_tcp.c:1289: msg dropped due to exceed max packet size 1935 1054!
2026-03-10 17:30:47 [54772] WARN  broker_tcp.c:1289: msg dropped due to exceed max packet size 1943 1054!
2026-03-10 17:30:48 [54772] WARN  broker_tcp.c:1289: msg dropped due to exceed max packet size 1936 1054!
2026-03-10 17:30:49 [54772] WARN  broker_tcp.c:1289: msg dropped due to exceed max packet size 1929 1054!
2026-03-10 17:30:50 [54772] WARN  broker_tcp.c:1289: msg dropped due to exceed max packet size 1939 1054!
2026-03-10 17:30:54 [54772] WARN  broker_tcp.c:1289: msg dropped due to exceed max packet size 1939 1054!
2026-03-10 17:30:54 [54772] WARN  broker_tcp.c:1289: msg dropped due to exceed max packet size 1934 1054!
2026-03-10 17:30:54 [54772] WARN  broker_tcp.c:1289: msg dropped due to exceed max packet size 1931 1054!
2026-03-10 17:30:55 [54772] WARN  broker_tcp.c:1289: msg dropped due to exceed max packet size 1835 1054!
2026-03-10 17:30:55 [54772] WARN  broker_tcp.c:1289: msg dropped due to exceed max packet size 1923 1054!
2026-03-10 17:30:56 [54772] WARN  broker_tcp.c:1289: msg dropped due to exceed max packet size 1933 1054!
2026-03-10 17:30:57 [54772] WARN  broker_tcp.c:1289: msg dropped due to exceed max packet size 1933 1054!
2026-03-10 17:30:58 [54772] WARN  broker_tcp.c:1289: msg dropped due to exceed max packet size 1933 1054!
2026-03-10 17:30:59 [54772] WARN  broker_tcp.c:1289: msg dropped due to exceed max packet size 1935 1054!
2026-03-10 17:31:00 [54772] WARN  broker_tcp.c:1289: msg dropped due to exceed max packet size 1938 1054!
2026-03-10 17:31:01 [54772] WARN  broker_tcp.c:1289: msg dropped due to exceed max packet size 1926 1054!
2026-03-10 17:31:02 [54772] WARN  broker_tcp.c:1289: msg dropped due to exceed max packet size 1933 1054!
2026-03-10 17:31:03 [54772] WARN  broker_tcp.c:1289: msg dropped due to exceed max packet size 1934 1054!
2026-03-10 17:31:04 [54772] WARN  broker_tcp.c:1289: msg dropped due to exceed max packet size 1935 1054!
2026-03-10 17:31:05 [54772] WARN  broker_tcp.c:1289: msg dropped due to exceed max packet size 1935 1054!
2026-03-10 17:31:06 [54772] WARN  broker_tcp.c:1289: msg dropped due to exceed max packet size 1937 1054!
2026-03-10 17:31:07 [54772] WARN  broker_tcp.c:1289: msg dropped due to exceed max packet size 1933 1054!
2026-03-10 17:31:08 [54772] WARN  broker_tcp.c:1289: msg dropped due to exceed max packet size 1931 1054!
2026-03-10 17:31:09 [54772] WARN  broker_tcp.c:1289: msg dropped due to exceed max packet size 1937 1054!
2026-03-10 17:31:10 [54772] WARN  broker_tcp.c:1289: msg dropped due to exceed max packet size 1931 1054!
2026-03-10 17:31:11 [54772] WARN  broker_tcp.c:1289: msg dropped due to exceed max packet size 1942 1054!
2026-03-10 17:31:12 [54772] WARN  broker_tcp.c:1289: msg dropped due to exceed max packet size 1941 1054!
2026-03-10 17:31:13 [54772] WARN  broker_tcp.c:1289: msg dropped due to exceed max packet size 1933 1054!
2026-03-10 17:31:14 [54772] WARN  broker_tcp.c:1289: msg dropped due to exceed max packet size 1934 1054!
2026-03-10 17:31:15 [54772] WARN  broker_tcp.c:1289: msg dropped due to exceed max packet size 1935 1054!
2026-03-10 17:31:16 [54772] WARN  broker_tcp.c:1289: msg dropped due to exceed max packet size 1931 1054!
2026-03-10 17:31:17 [54772] WARN  broker_tcp.c:1289: msg dropped due to exceed max packet size 1933 1054!
2026-03-10 17:31:18 [54772] WARN  broker_tcp.c:1289: msg dropped due to exceed max packet size 1934 1054!
2026-03-10 17:31:19 [54772] WARN  broker_tcp.c:1289: msg dropped due to exceed max packet size 1921 1054!
2026-03-10 17:31:20 [54772] WARN  broker_tcp.c:1289: msg dropped due to exceed max packet size 1933 1054!
2026-03-10 17:31:22 [54772] WARN  broker_tcp.c:1289: msg dropped due to exceed max packet size 1937 1054!
2026-03-10 17:31:23 [54772] WARN  broker_tcp.c:1289: msg dropped due to exceed max packet size 1940 1054!
2026-03-10 17:31:24 [54772] WARN  broker_tcp.c:1289: msg dropped due to exceed max packet size 1935 1054!
2026-03-10 17:31:25 [54772] WARN  broker_tcp.c:1289: msg dropped due to exceed max packet size 1938 1054!
2026-03-10 17:31:26 [54772] WARN  broker_tcp.c:1289: msg dropped due to exceed max packet size 1927 1054!
2026-03-10 17:31:27 [54772] WARN  broker_tcp.c:1289: msg dropped due to exceed max packet size 1939 1054!
2026-03-10 17:31:28 [54772] WARN  broker_tcp.c:1289: msg dropped due to exceed max packet size 1935 1054!
2026-03-10 17:31:29 [54772] WARN  broker_tcp.c:1289: msg dropped due to exceed max packet size 1938 1054!
2026-03-10 17:31:30 [54772] WARN  broker_tcp.c:1289: msg dropped due to exceed max packet size 1937 1054!
2026-03-10 17:31:31 [54772] WARN  broker_tcp.c:1289: msg dropped due to exceed max packet size 1933 1054!
2026-03-10 17:31:32 [54772] WARN  broker_tcp.c:1289: msg dropped due to exceed max packet size 1935 1054!
2026-03-10 17:31:33 [54772] WARN  broker_tcp.c:1289: msg dropped due to exceed max packet size 1933 1054!
2026-03-10 17:31:34 [54772] WARN  broker_tcp.c:1289: msg dropped due to exceed max packet size 1935 1054!
2026-03-10 17:31:35 [54772] WARN  broker_tcp.c:1289: msg dropped due to exceed max packet size 1939 1054!
2026-03-10 17:31:36 [54772] WARN  broker_tcp.c:1289: msg dropped due to exceed max packet size 1933 1054!
2026-03-10 17:31:36 [54772] WARN  nmq_mqtt.c:994: cgn-gateway pipe close!
2026-03-10 17:31:36 [54772] WARN  mqtt_parser.c:1358: cgn-gateway offline!
2026-03-10 17:31:51 [54772] WARN  mqtt_parser.c:1354: cgn-gateway online!
2026-03-10 17:31:51 [54772] WARN  broker_tcp.c:1289: msg dropped due to exceed max packet size 1932 1054!
2026-03-10 17:31:52 [54772] WARN  broker_tcp.c:1289: msg dropped due to exceed max packet size 1938 1054!
2026-03-10 17:31:53 [54772] WARN  broker_tcp.c:1289: msg dropped due to exceed max packet size 1939 1054!
2026-03-10 17:31:54 [54772] WARN  broker_tcp.c:1289: msg dropped due to exceed max packet size 1939 1054!
2026-03-10 17:31:55 [54772] WARN  broker_tcp.c:1289: msg dropped due to exceed max packet size 1932 1054!
2026-03-10 17:31:56 [54772] WARN  broker_tcp.c:1289: msg dropped due to exceed max packet size 1938 1054!
2026-03-10 17:31:57 [54772] WARN  broker_tcp.c:1289: msg dropped due to exceed max packet size 1938 1054!
2026-03-10 17:31:58 [54772] WARN  broker_tcp.c:1289: msg dropped due to exceed max packet size 1940 1054!
2026-03-10 17:31:59 [54772] WARN  broker_tcp.c:1289: msg dropped due to exceed max packet size 1932 1054!
2026-03-10 17:32:00 [54772] WARN  broker_tcp.c:1289: msg dropped due to exceed max packet size 1935 1054!
2026-03-10 17:32:01 [54772] WARN  broker_tcp.c:1289: msg dropped due to exceed max packet size 1933 1054!
2026-03-10 17:32:02 [54772] WARN  broker_tcp.c:1289: msg dropped due to exceed max packet size 1935 1054!
2026-03-10 17:32:03 [54772] WARN  broker_tcp.c:1289: msg dropped due to exceed max packet size 1936 1054!
2026-03-10 17:32:04 [54772] WARN  broker_tcp.c:1289: msg dropped due to exceed max packet size 1937 1054!
2026-03-10 17:32:05 [54772] WARN  broker_tcp.c:1289: msg dropped due to exceed max packet size 1934 1054!
2026-03-10 17:32:06 [54772] WARN  broker_tcp.c:1289: msg dropped due to exceed max packet size 1934 1054!
2026-03-10 17:32:07 [54772] WARN  broker_tcp.c:1289: msg dropped due to exceed max packet size 1926 1054!
2026-03-10 17:32:08 [54772] WARN  broker_tcp.c:1289: msg dropped due to exceed max packet size 1938 1054!
2026-03-10 17:32:09 [54772] WARN  broker_tcp.c:1289: msg dropped due to exceed max packet size 1923 1054!
2026-03-10 17:32:10 [54772] WARN  broker_tcp.c:1289: msg dropped due to exceed max packet size 1941 1054!
2026-03-10 17:32:11 [54772] WARN  broker_tcp.c:1289: msg dropped due to exceed max packet size 1929 1054!
2026-03-10 17:32:12 [54772] WARN  broker_tcp.c:1289: msg dropped due to exceed max packet size 1931 1054!
2026-03-10 17:32:13 [54772] WARN  broker_tcp.c:1289: msg dropped due to exceed max packet size 1939 1054!
2026-03-10 17:32:14 [54772] WARN  broker_tcp.c:1289: msg dropped due to exceed max packet size 1931 1054!
2026-03-10 17:32:15 [54772] WARN  broker_tcp.c:1289: msg dropped due to exceed max packet size 1929 1054!
2026-03-10 17:32:16 [54772] WARN  broker_tcp.c:1289: msg dropped due to exceed max packet size 1930 1054!
2026-03-10 17:32:17 [54772] WARN  broker_tcp.c:1289: msg dropped due to exceed max packet size 1942 1054!
2026-03-10 17:32:18 [54772] WARN  broker_tcp.c:1289: msg dropped due to exceed max packet size 1924 1054!
2026-03-10 17:32:19 [54772] WARN  broker_tcp.c:1289: msg dropped due to exceed max packet size 1935 1054!
2026-03-10 17:32:20 [54772] WARN  broker_tcp.c:1289: msg dropped due to exceed max packet size 1935 1054!
2026-03-10 17:32:21 [54772] WARN  broker_tcp.c:1289: msg dropped due to exceed max packet size 1935 1054!
2026-03-10 17:32:22 [54772] WARN  broker_tcp.c:1289: msg dropped due to exceed max packet size 1933 1054!
2026-03-10 17:32:23 [54772] WARN  broker_tcp.c:1289: msg dropped due to exceed max packet size 1927 1054!
2026-03-10 17:32:24 [54772] WARN  broker_tcp.c:1289: msg dropped due to exceed max packet size 1934 1054!
2026-03-10 17:32:25 [54772] WARN  broker_tcp.c:1289: msg dropped due to exceed max packet size 1939 1054!
2026-03-10 17:32:26 [54772] WARN  broker_tcp.c:1289: msg dropped due to exceed max packet size 1938 1054!
2026-03-10 17:32:27 [54772] WARN  broker_tcp.c:1289: msg dropped due to exceed max packet size 1932 1054!
2026-03-10 17:32:28 [54772] WARN  broker_tcp.c:1289: msg dropped due to exceed max packet size 1930 1054!
2026-03-10 17:32:29 [54772] WARN  broker_tcp.c:1289: msg dropped due to exceed max packet size 1934 1054!
2026-03-10 17:32:30 [54772] WARN  broker_tcp.c:1289: msg dropped due to exceed max packet size 1930 1054!
2026-03-10 17:32:31 [54772] WARN  broker_tcp.c:1289: msg dropped due to exceed max packet size 1933 1054!
2026-03-10 17:32:32 [54772] WARN  broker_tcp.c:1289: msg dropped due to exceed max packet size 1939 1054!
2026-03-10 17:32:33 [54772] WARN  broker_tcp.c:1289: msg dropped due to exceed max packet size 1931 1054!
2026-03-10 17:32:34 [54772] WARN  broker_tcp.c:1289: msg dropped due to exceed max packet size 1942 1054!
2026-03-10 17:32:35 [54772] WARN  broker_tcp.c:1289: msg dropped due to exceed max packet size 1940 1054!
2026-03-10 17:32:36 [54772] WARN  broker_tcp.c:1289: msg dropped due to exceed max packet size 1930 1054!
2026-03-10 17:32:37 [54772] WARN  broker_tcp.c:1289: msg dropped due to exceed max packet size 1936 1054!
2026-03-10 17:32:38 [54772] WARN  broker_tcp.c:1289: msg dropped due to exceed max packet size 1928 1054!
2026-03-10 17:32:39 [54772] WARN  broker_tcp.c:1289: msg dropped due to exceed max packet size 1934 1054!
2026-03-10 17:32:41 [54772] WARN  broker_tcp.c:1289: msg dropped due to exceed max packet size 1934 1054!
2026-03-10 17:32:42 [54772] WARN  broker_tcp.c:1289: msg dropped due to exceed max packet size 1935 1054!
2026-03-10 17:32:43 [54772] WARN  broker_tcp.c:1289: msg dropped due to exceed max packet size 1937 1054!
2026-03-10 17:32:44 [54772] WARN  broker_tcp.c:1289: msg dropped due to exceed max packet size 1930 1054!
2026-03-10 17:32:45 [54772] WARN  broker_tcp.c:1289: msg dropped due to exceed max packet size 1933 1054!
2026-03-10 17:32:46 [54772] WARN  broker_tcp.c:1289: msg dropped due to exceed max packet size 1938 1054!
2026-03-10 17:32:47 [54772] WARN  broker_tcp.c:1289: msg dropped due to exceed max packet size 1935 1054!
2026-03-10 17:32:48 [54772] WARN  broker_tcp.c:1289: msg dropped due to exceed max packet size 1935 1054!
2026-03-10 17:32:49 [54772] WARN  broker_tcp.c:1289: msg dropped due to exceed max packet size 1933 1054!
2026-03-10 17:32:50 [54772] WARN  broker_tcp.c:1289: msg dropped due to exceed max packet size 1933 1054!
2026-03-10 17:32:51 [54772] WARN  broker_tcp.c:1289: msg dropped due to exceed max packet size 1933 1054!
2026-03-10 17:32:52 [54772] WARN  broker_tcp.c:1289: msg dropped due to exceed max packet size 1937 1054!
2026-03-10 17:32:53 [54772] WARN  broker_tcp.c:1289: msg dropped due to exceed max packet size 1931 1054!
2026-03-10 17:32:54 [54772] WARN  broker_tcp.c:1289: msg dropped due to exceed max packet size 1936 1054!
2026-03-10 17:32:55 [54772] WARN  broker_tcp.c:1289: msg dropped due to exceed max packet size 1934 1054!
2026-03-10 17:32:56 [54772] WARN  broker_tcp.c:1289: msg dropped due to exceed max packet size 1940 1054!
2026-03-10 17:32:57 [54772] WARN  broker_tcp.c:1289: msg dropped due to exceed max packet size 1931 1054!
2026-03-10 17:32:58 [54772] WARN  broker_tcp.c:1289: msg dropped due to exceed max packet size 1929 1054!
2026-03-10 17:32:59 [54772] WARN  broker_tcp.c:1289: msg dropped due to exceed max packet size 1937 1054!
2026-03-10 17:33:00 [54772] WARN  broker_tcp.c:1289: msg dropped due to exceed max packet size 1940 1054!
2026-03-10 17:33:01 [54772] WARN  broker_tcp.c:1289: msg dropped due to exceed max packet size 1931 1054!
2026-03-10 17:33:02 [54772] WARN  broker_tcp.c:1289: msg dropped due to exceed max packet size 1940 1054!
2026-03-10 17:33:03 [54772] WARN  broker_tcp.c:1289: msg dropped due to exceed max packet size 1941 1054!
2026-03-10 17:33:04 [54772] WARN  broker_tcp.c:1289: msg dropped due to exceed max packet size 1920 1054!
2026-03-10 17:33:05 [54772] WARN  broker_tcp.c:1289: msg dropped due to exceed max packet size 1938 1054!
2026-03-10 17:33:06 [54772] WARN  broker_tcp.c:1289: msg dropped due to exceed max packet size 1935 1054!
2026-03-10 17:33:07 [54772] WARN  broker_tcp.c:1289: msg dropped due to exceed max packet size 1927 1054!
2026-03-10 17:33:08 [54772] WARN  broker_tcp.c:1289: msg dropped due to exceed max packet size 1918 1054!
2026-03-10 17:33:09 [54772] WARN  broker_tcp.c:1289: msg dropped due to exceed max packet size 1932 1054!
2026-03-10 17:33:10 [54772] WARN  broker_tcp.c:1289: msg dropped due to exceed max packet size 1935 1054!
2026-03-10 17:33:11 [54772] WARN  broker_tcp.c:1289: msg dropped due to exceed max packet size 1931 1054!
2026-03-10 17:33:12 [54772] WARN  broker_tcp.c:1289: msg dropped due to exceed max packet size 1934 1054!
2026-03-10 17:33:13 [54772] WARN  broker_tcp.c:1289: msg dropped due to exceed max packet size 1931 1054!
2026-03-10 17:33:14 [54772] WARN  broker_tcp.c:1289: msg dropped due to exceed max packet size 1935 1054!
2026-03-10 17:33:15 [54772] WARN  broker_tcp.c:1289: msg dropped due to exceed max packet size 1932 1054!
2026-03-10 17:33:16 [54772] WARN  broker_tcp.c:1289: msg dropped due to exceed max packet size 1936 1054!
2026-03-10 17:33:17 [54772] WARN  broker_tcp.c:1289: msg dropped due to exceed max packet size 1934 1054!
2026-03-10 17:33:18 [54772] WARN  broker_tcp.c:1289: msg dropped due to exceed max packet size 1935 1054!
2026-03-10 17:33:19 [54772] WARN  broker_tcp.c:1289: msg dropped due to exceed max packet size 1933 1054!
2026-03-10 17:33:20 [54772] WARN  broker_tcp.c:1289: msg dropped due to exceed max packet size 1931 1054!
2026-03-10 17:33:21 [54772] WARN  broker_tcp.c:1289: msg dropped due to exceed max packet size 1930 1054!
2026-03-10 17:33:22 [54772] WARN  broker_tcp.c:1289: msg dropped due to exceed max packet size 1942 1054!
2026-03-10 17:33:23 [54772] WARN  broker_tcp.c:1289: msg dropped due to exceed max packet size 1934 1054!
2026-03-10 17:33:24 [54772] WARN  broker_tcp.c:1289: msg dropped due to exceed max packet size 1936 1054!
2026-03-10 17:33:25 [54772] WARN  broker_tcp.c:1289: msg dropped due to exceed max packet size 1941 1054!
2026-03-10 17:33:26 [54772] WARN  broker_tcp.c:1289: msg dropped due to exceed max packet size 1936 1054!
2026-03-10 17:33:27 [54772] WARN  broker_tcp.c:1289: msg dropped due to exceed max packet size 1931 1054!
2026-03-10 17:33:28 [54772] WARN  broker_tcp.c:1289: msg dropped due to exceed max packet size 1926 1054!
2026-03-10 17:33:29 [54772] WARN  broker_tcp.c:1289: msg dropped due to exceed max packet size 1928 1054!
2026-03-10 17:33:30 [54772] WARN  broker_tcp.c:1289: msg dropped due to exceed max packet size 1924 1054!
2026-03-10 17:33:31 [54772] WARN  broker_tcp.c:1289: msg dropped due to exceed max packet size 1932 1054!
2026-03-10 17:33:32 [54772] WARN  broker_tcp.c:1289: msg dropped due to exceed max packet size 1936 1054!
2026-03-10 17:33:33 [54772] WARN  broker_tcp.c:1289: msg dropped due to exceed max packet size 1935 1054!
2026-03-10 17:33:34 [54772] WARN  broker_tcp.c:1289: msg dropped due to exceed max packet size 1942 1054!
2026-03-10 17:33:35 [54772] WARN  broker_tcp.c:1289: msg dropped due to exceed max packet size 1939 1054!
2026-03-10 17:33:36 [54772] WARN  broker_tcp.c:1289: msg dropped due to exceed max packet size 1944 1054!
2026-03-10 17:33:37 [54772] WARN  broker_tcp.c:1289: msg dropped due to exceed max packet size 1931 1054!
2026-03-10 17:33:38 [54772] WARN  broker_tcp.c:1289: msg dropped due to exceed max packet size 1936 1054!
2026-03-10 17:33:39 [54772] WARN  broker_tcp.c:1289: msg dropped due to exceed max packet size 1934 1054!
2026-03-10 17:33:40 [54772] WARN  broker_tcp.c:1289: msg dropped due to exceed max packet size 1937 1054!
2026-03-10 17:33:41 [54772] WARN  broker_tcp.c:1289: msg dropped due to exceed max packet size 1935 1054!
2026-03-10 17:33:42 [54772] WARN  broker_tcp.c:1289: msg dropped due to exceed max packet size 1928 1054!
2026-03-10 17:33:43 [54772] WARN  broker_tcp.c:1289: msg dropped due to exceed max packet size 1933 1054!
2026-03-10 17:33:44 [54772] WARN  broker_tcp.c:1289: msg dropped due to exceed max packet size 1931 1054!
2026-03-10 17:33:45 [54772] WARN  broker_tcp.c:1289: msg dropped due to exceed max packet size 1934 1054!
2026-03-10 17:33:46 [54772] WARN  broker_tcp.c:1289: msg dropped due to exceed max packet size 1933 1054!
2026-03-10 17:33:47 [54772] WARN  broker_tcp.c:1289: msg dropped due to exceed max packet size 1933 1054!
2026-03-10 17:33:48 [54772] WARN  broker_tcp.c:1289: msg dropped due to exceed max packet size 1939 1054!
2026-03-10 17:33:49 [54772] WARN  broker_tcp.c:1289: msg dropped due to exceed max packet size 1927 1054!
2026-03-10 17:33:50 [54772] WARN  broker_tcp.c:1289: msg dropped due to exceed max packet size 1937 1054!
2026-03-10 17:33:51 [54772] WARN  broker_tcp.c:1289: msg dropped due to exceed max packet size 1932 1054!
2026-03-10 17:33:52 [54772] WARN  broker_tcp.c:1289: msg dropped due to exceed max packet size 1930 1054!
2026-03-10 17:33:53 [54772] WARN  broker_tcp.c:1289: msg dropped due to exceed max packet size 1932 1054!
2026-03-10 17:33:54 [54772] WARN  broker_tcp.c:1289: msg dropped due to exceed max packet size 1941 1054!
2026-03-10 17:33:55 [54772] WARN  broker_tcp.c:1289: msg dropped due to exceed max packet size 1935 1054!
2026-03-10 17:33:56 [54772] WARN  broker_tcp.c:1289: msg dropped due to exceed max packet size 1938 1054!
2026-03-10 17:33:57 [54772] WARN  broker_tcp.c:1289: msg dropped due to exceed max packet size 1931 1054!
2026-03-10 17:33:58 [54772] WARN  broker_tcp.c:1289: msg dropped due to exceed max packet size 1938 1054!
2026-03-10 17:33:59 [54772] WARN  broker_tcp.c:1289: msg dropped due to exceed max packet size 1918 1054!
2026-03-10 17:34:00 [54772] WARN  broker_tcp.c:1289: msg dropped due to exceed max packet size 1935 1054!
2026-03-10 17:34:32 [54772] WARN  broker_tcp.c:1289: msg dropped due to exceed max packet size 1921 1054!
2026-03-10 17:34:33 [54772] WARN  broker_tcp.c:1289: msg dropped due to exceed max packet size 1930 1054!
2026-03-10 17:34:34 [54772] WARN  broker_tcp.c:1289: msg dropped due to exceed max packet size 1933 1054!
2026-03-10 17:34:35 [54772] WARN  broker_tcp.c:1289: msg dropped due to exceed max packet size 1937 1054!
2026-03-10 17:34:36 [54772] WARN  broker_tcp.c:1289: msg dropped due to exceed max packet size 1938 1054!
2026-03-10 17:34:37 [54772] WARN  broker_tcp.c:1289: msg dropped due to exceed max packet size 1932 1054!
2026-03-10 17:34:38 [54772] WARN  broker_tcp.c:1289: msg dropped due to exceed max packet size 1931 1054!
2026-03-10 17:34:39 [54772] WARN  broker_tcp.c:1289: msg dropped due to exceed max packet size 1937 1054!
2026-03-10 17:34:40 [54772] WARN  broker_tcp.c:1289: msg dropped due to exceed max packet size 1934 1054!
2026-03-10 17:34:41 [54772] WARN  broker_tcp.c:1289: msg dropped due to exceed max packet size 1931 1054!
2026-03-10 17:34:42 [54772] WARN  broker_tcp.c:1289: msg dropped due to exceed max packet size 1933 1054!
2026-03-10 17:34:43 [54772] WARN  broker_tcp.c:1289: msg dropped due to exceed max packet size 1938 1054!
2026-03-10 17:34:44 [54772] WARN  broker_tcp.c:1289: msg dropped due to exceed max packet size 1937 1054!
2026-03-10 17:34:45 [54772] WARN  broker_tcp.c:1289: msg dropped due to exceed max packet size 1935 1054!
2026-03-10 17:34:46 [54772] WARN  broker_tcp.c:1289: msg dropped due to exceed max packet size 1935 1054!
2026-03-10 17:34:47 [54772] WARN  broker_tcp.c:1289: msg dropped due to exceed max packet size 1935 1054!
2026-03-10 17:34:48 [54772] WARN  broker_tcp.c:1289: msg dropped due to exceed max packet size 1934 1054!
2026-03-10 17:34:49 [54772] WARN  broker_tcp.c:1289: msg dropped due to exceed max packet size 1933 1054!
2026-03-10 17:34:50 [54772] WARN  broker_tcp.c:1289: msg dropped due to exceed max packet size 1934 1054!
2026-03-10 17:34:51 [54772] WARN  broker_tcp.c:1289: msg dropped due to exceed max packet size 1928 1054!
2026-03-10 17:34:52 [54772] WARN  broker_tcp.c:1289: msg dropped due to exceed max packet size 1937 1054!
2026-03-10 17:34:53 [54772] WARN  broker_tcp.c:1289: msg dropped due to exceed max packet size 1927 1054!
2026-03-10 17:34:54 [54772] WARN  broker_tcp.c:1289: msg dropped due to exceed max packet size 1938 1054!
2026-03-10 17:34:55 [54772] WARN  broker_tcp.c:1289: msg dropped due to exceed max packet size 1936 1054!
2026-03-10 17:34:56 [54772] WARN  broker_tcp.c:1289: msg dropped due to exceed max packet size 1941 1054!
2026-03-10 17:34:57 [54772] WARN  broker_tcp.c:1289: msg dropped due to exceed max packet size 1940 1054!
2026-03-10 17:34:58 [54772] WARN  broker_tcp.c:1289: msg dropped due to exceed max packet size 1926 1054!
2026-03-10 17:34:59 [54772] WARN  broker_tcp.c:1289: msg dropped due to exceed max packet size 1934 1054!
2026-03-10 17:35:00 [54772] WARN  broker_tcp.c:1289: msg dropped due to exceed max packet size 1938 1054!
2026-03-10 17:35:01 [54772] WARN  nmq_mqtt.c:994: cgn-gateway pipe close!
2026-03-10 17:35:01 [54772] WARN  mqtt_parser.c:1358: cgn-gateway offline!
2026-03-10 17:35:15 [54772] WARN  mqtt_parser.c:1354: cgn-gateway online!
2026-03-10 17:35:16 [54772] WARN  broker_tcp.c:1289: msg dropped due to exceed max packet size 1929 1054!
2026-03-10 17:35:16 [54772] WARN  broker_tcp.c:1289: msg dropped due to exceed max packet size 1934 1054!
2026-03-10 17:35:17 [54772] WARN  broker_tcp.c:1289: msg dropped due to exceed max packet size 1939 1054!
2026-03-10 17:35:18 [54772] WARN  broker_tcp.c:1289: msg dropped due to exceed max packet size 1936 1054!
2026-03-10 17:35:19 [54772] WARN  broker_tcp.c:1289: msg dropped due to exceed max packet size 1937 1054!
2026-03-10 17:35:20 [54772] WARN  broker_tcp.c:1289: msg dropped due to exceed max packet size 1939 1054!
2026-03-10 17:35:21 [54772] WARN  broker_tcp.c:1289: msg dropped due to exceed max packet size 1939 1054!
2026-03-10 17:35:22 [54772] WARN  broker_tcp.c:1289: msg dropped due to exceed max packet size 1926 1054!
2026-03-10 17:35:23 [54772] WARN  broker_tcp.c:1289: msg dropped due to exceed max packet size 1929 1054!
2026-03-10 17:35:24 [54772] WARN  broker_tcp.c:1289: msg dropped due to exceed max packet size 1934 1054!
2026-03-10 17:35:25 [54772] WARN  broker_tcp.c:1289: msg dropped due to exceed max packet size 1930 1054!
2026-03-10 17:35:26 [54772] WARN  broker_tcp.c:1289: msg dropped due to exceed max packet size 1934 1054!
2026-03-10 17:35:27 [54772] WARN  broker_tcp.c:1289: msg dropped due to exceed max packet size 1935 1054!
2026-03-10 17:35:28 [54772] WARN  broker_tcp.c:1289: msg dropped due to exceed max packet size 1934 1054!
2026-03-10 17:35:29 [54772] WARN  broker_tcp.c:1289: msg dropped due to exceed max packet size 1934 1054!
2026-03-10 17:35:30 [54772] WARN  broker_tcp.c:1289: msg dropped due to exceed max packet size 1934 1054!
2026-03-10 17:35:31 [54772] WARN  broker_tcp.c:1289: msg dropped due to exceed max packet size 1934 1054!
2026-03-10 17:35:32 [54772] WARN  broker_tcp.c:1289: msg dropped due to exceed max packet size 1926 1054!
2026-03-10 17:35:33 [54772] WARN  broker_tcp.c:1289: msg dropped due to exceed max packet size 1936 1054!
2026-03-10 17:35:34 [54772] WARN  broker_tcp.c:1289: msg dropped due to exceed max packet size 1935 1054!
2026-03-10 17:35:35 [54772] WARN  broker_tcp.c:1289: msg dropped due to exceed max packet size 1934 1054!
2026-03-10 17:35:36 [54772] WARN  broker_tcp.c:1289: msg dropped due to exceed max packet size 1928 1054!
2026-03-10 17:35:37 [54772] WARN  broker_tcp.c:1289: msg dropped due to exceed max packet size 1938 1054!
2026-03-10 17:35:38 [54772] WARN  broker_tcp.c:1289: msg dropped due to exceed max packet size 1926 1054!
2026-03-10 17:35:39 [54772] WARN  broker_tcp.c:1289: msg dropped due to exceed max packet size 1935 1054!
2026-03-10 17:35:40 [54772] WARN  broker_tcp.c:1289: msg dropped due to exceed max packet size 1934 1054!
2026-03-10 17:35:41 [54772] WARN  broker_tcp.c:1289: msg dropped due to exceed max packet size 1926 1054!
2026-03-10 17:35:42 [54772] WARN  broker_tcp.c:1289: msg dropped due to exceed max packet size 1939 1054!
2026-03-10 17:35:43 [54772] WARN  broker_tcp.c:1289: msg dropped due to exceed max packet size 1941 1054!
2026-03-10 17:35:44 [54772] WARN  broker_tcp.c:1289: msg dropped due to exceed max packet size 1935 1054!
2026-03-10 17:35:45 [54772] WARN  broker_tcp.c:1289: msg dropped due to exceed max packet size 1936 1054!
2026-03-10 17:35:46 [54772] WARN  broker_tcp.c:1289: msg dropped due to exceed max packet size 1927 1054!
2026-03-10 17:35:47 [54772] WARN  broker_tcp.c:1289: msg dropped due to exceed max packet size 1932 1054!
2026-03-10 17:35:48 [54772] WARN  broker_tcp.c:1289: msg dropped due to exceed max packet size 1936 1054!
2026-03-10 17:35:49 [54772] WARN  broker_tcp.c:1289: msg dropped due to exceed max packet size 1928 1054!
2026-03-10 17:35:50 [54772] WARN  broker_tcp.c:1289: msg dropped due to exceed max packet size 1933 1054!
2026-03-10 17:35:51 [54772] WARN  broker_tcp.c:1289: msg dropped due to exceed max packet size 1940 1054!
2026-03-10 17:35:52 [54772] WARN  broker_tcp.c:1289: msg dropped due to exceed max packet size 1931 1054!
2026-03-10 17:35:53 [54772] WARN  broker_tcp.c:1289: msg dropped due to exceed max packet size 1932 1054!
2026-03-10 17:35:54 [54772] ERROR pipe.c:520: Client ID collision or set ID failed!
2026-03-10 17:35:54 [54772] WARN  nmq_mqtt.c:994: cgn-gateway pipe close!
2026-03-10 17:35:54 [54772] WARN  mqtt_parser.c:1358: cgn-gateway offline!
2026-03-10 17:35:54 [54772] WARN  broker_tcp.c:683: nni aio recv error!! Object closed

2026-03-10 17:35:54 [54772] WARN  broker_tcp.c:974: tcptran_pipe_recv_cb: recv_error rv: 139

2026-03-10 17:35:54 [54772] WARN  mqtt_parser.c:1354: cgn-gateway online!
2026-03-10 17:35:54 [54772] ERROR pipe.c:520: Client ID collision or set ID failed!
2026-03-10 17:35:54 [54772] WARN  nmq_mqtt.c:994: cgn-gateway pipe close!
2026-03-10 17:35:54 [54772] WARN  broker_tcp.c:683: nni aio recv error!! Object closed

2026-03-10 17:35:54 [54772] WARN  mqtt_parser.c:1358: cgn-gateway offline!
2026-03-10 17:35:54 [54772] WARN  broker_tcp.c:974: tcptran_pipe_recv_cb: recv_error rv: 139

2026-03-10 17:35:54 [54772] WARN  mqtt_parser.c:1354: cgn-gateway online!
2026-03-10 17:35:54 [54772] ERROR pipe.c:520: Client ID collision or set ID failed!
2026-03-10 17:35:54 [54772] WARN  nmq_mqtt.c:994: cgn-gateway pipe close!
2026-03-10 17:35:54 [54772] WARN  broker_tcp.c:683: nni aio recv error!! Object closed

2026-03-10 17:35:54 [54772] WARN  broker_tcp.c:974: tcptran_pipe_recv_cb: recv_error rv: 139

2026-03-10 17:35:54 [54772] WARN  mqtt_parser.c:1358: cgn-gateway offline!
2026-03-10 17:35:54 [54772] WARN  mqtt_parser.c:1354: cgn-gateway online!
2026-03-10 17:35:54 [54772] WARN  broker_tcp.c:1289: msg dropped due to exceed max packet size 1932 1054!
2026-03-10 17:35:54 [54772] WARN  broker_tcp.c:1289: msg dropped due to exceed max packet size 1931 1054!
2026-03-10 17:35:55 [54772] ERROR pipe.c:520: Client ID collision or set ID failed!
2026-03-10 17:35:55 [54772] WARN  nmq_mqtt.c:994: cgn-gateway pipe close!
2026-03-10 17:35:55 [54772] WARN  broker_tcp.c:683: nni aio recv error!! Object closed

2026-03-10 17:35:55 [54772] WARN  mqtt_parser.c:1358: cgn-gateway offline!
2026-03-10 17:35:55 [54772] WARN  broker_tcp.c:974: tcptran_pipe_recv_cb: recv_error rv: 139

2026-03-10 17:35:55 [54772] WARN  mqtt_parser.c:1354: cgn-gateway online!
2026-03-10 17:35:55 [54772] WARN  broker_tcp.c:1289: msg dropped due to exceed max packet size 1931 1054!
2026-03-10 17:35:55 [54772] WARN  broker_tcp.c:1289: msg dropped due to exceed max packet size 1929 1054!
2026-03-10 17:35:56 [54772] ERROR pipe.c:520: Client ID collision or set ID failed!
2026-03-10 17:35:56 [54772] WARN  nmq_mqtt.c:994: cgn-gateway pipe close!
2026-03-10 17:35:56 [54772] WARN  broker_tcp.c:683: nni aio recv error!! Object closed

2026-03-10 17:35:56 [54772] WARN  mqtt_parser.c:1358: cgn-gateway offline!
2026-03-10 17:35:56 [54772] WARN  broker_tcp.c:974: tcptran_pipe_recv_cb: recv_error rv: 139

2026-03-10 17:35:56 [54772] WARN  mqtt_parser.c:1354: cgn-gateway online!
2026-03-10 17:35:56 [54772] WARN  broker_tcp.c:1289: msg dropped due to exceed max packet size 1929 1054!
2026-03-10 17:35:56 [54772] WARN  broker_tcp.c:1289: msg dropped due to exceed max packet size 1937 1054!
2026-03-10 17:35:57 [54772] WARN  broker_tcp.c:1289: msg dropped due to exceed max packet size 1933 1054!
2026-03-10 17:35:58 [54772] ERROR pipe.c:520: Client ID collision or set ID failed!
2026-03-10 17:35:58 [54772] WARN  nmq_mqtt.c:994: cgn-gateway pipe close!
2026-03-10 17:35:58 [54772] WARN  broker_tcp.c:683: nni aio recv error!! Object closed

2026-03-10 17:35:58 [54772] WARN  mqtt_parser.c:1358: cgn-gateway offline!
2026-03-10 17:35:58 [54772] WARN  broker_tcp.c:974: tcptran_pipe_recv_cb: recv_error rv: 139

2026-03-10 17:35:58 [54772] WARN  mqtt_parser.c:1354: cgn-gateway online!
2026-03-10 17:35:58 [54772] WARN  broker_tcp.c:1289: msg dropped due to exceed max packet size 1937 1054!
2026-03-10 17:35:58 [54772] WARN  broker_tcp.c:1289: msg dropped due to exceed max packet size 1933 1054!
2026-03-10 17:35:58 [54772] WARN  broker_tcp.c:1289: msg dropped due to exceed max packet size 1928 1054!
2026-03-10 17:35:59 [54772] WARN  broker_tcp.c:1289: msg dropped due to exceed max packet size 1928 1054!
2026-03-10 17:36:00 [54772] ERROR pipe.c:520: Client ID collision or set ID failed!
2026-03-10 17:36:00 [54772] WARN  broker_tcp.c:683: nni aio recv error!! Object closed

2026-03-10 17:36:00 [54772] WARN  broker_tcp.c:974: tcptran_pipe_recv_cb: recv_error rv: 139

2026-03-10 17:36:00 [54772] WARN  nmq_mqtt.c:994: cgn-gateway pipe close!
2026-03-10 17:36:00 [54772] WARN  mqtt_parser.c:1358: cgn-gateway offline!
2026-03-10 17:36:00 [54772] WARN  mqtt_parser.c:1354: cgn-gateway online!
2026-03-10 17:36:00 [54772] WARN  broker_tcp.c:1289: msg dropped due to exceed max packet size 1928 1054!
2026-03-10 17:36:00 [54772] WARN  broker_tcp.c:1289: msg dropped due to exceed max packet size 1832 1054!
2026-03-10 17:36:00 [54772] WARN  broker_tcp.c:1289: msg dropped due to exceed max packet size 1926 1054!
2026-03-10 17:36:01 [54772] WARN  broker_tcp.c:1289: msg dropped due to exceed max packet size 1936 1054!
2026-03-10 17:36:02 [54772] WARN  broker_tcp.c:1289: msg dropped due to exceed max packet size 1934 1054!
2026-03-10 17:36:03 [54772] WARN  broker_tcp.c:1289: msg dropped due to exceed max packet size 1937 1054!
2026-03-10 17:36:04 [54772] ERROR pipe.c:520: Client ID collision or set ID failed!
2026-03-10 17:36:04 [54772] WARN  broker_tcp.c:683: nni aio recv error!! Object closed

2026-03-10 17:36:04 [54772] WARN  broker_tcp.c:974: tcptran_pipe_recv_cb: recv_error rv: 139

2026-03-10 17:36:04 [54772] WARN  nmq_mqtt.c:994: cgn-gateway pipe close!
2026-03-10 17:36:04 [54772] WARN  mqtt_parser.c:1358: cgn-gateway offline!
2026-03-10 17:36:04 [54772] WARN  mqtt_parser.c:1354: cgn-gateway online!
2026-03-10 17:36:04 [54772] WARN  broker_tcp.c:1289: msg dropped due to exceed max packet size 1926 1054!
2026-03-10 17:36:04 [54772] WARN  broker_tcp.c:1289: msg dropped due to exceed max packet size 5587 1054!
2026-03-10 17:36:04 [54772] WARN  broker_tcp.c:1289: msg dropped due to exceed max packet size 1932 1054!
2026-03-10 17:36:05 [54772] WARN  broker_tcp.c:1289: msg dropped due to exceed max packet size 1938 1054!
2026-03-10 17:36:06 [54772] WARN  broker_tcp.c:1289: msg dropped due to exceed max packet size 1935 1054!
2026-03-10 17:36:08 [54772] WARN  broker_tcp.c:1289: msg dropped due to exceed max packet size 1935 1054!
2026-03-10 17:36:09 [54772] WARN  broker_tcp.c:1289: msg dropped due to exceed max packet size 1930 1054!
2026-03-10 17:36:10 [54772] WARN  broker_tcp.c:1289: msg dropped due to exceed max packet size 1940 1054!
2026-03-10 17:36:11 [54772] WARN  broker_tcp.c:1289: msg dropped due to exceed max packet size 1926 1054!
2026-03-10 17:36:12 [54772] WARN  broker_tcp.c:1289: msg dropped due to exceed max packet size 1931 1054!
2026-03-10 17:36:13 [54772] WARN  broker_tcp.c:1289: msg dropped due to exceed max packet size 1929 1054!
2026-03-10 17:36:14 [54772] WARN  broker_tcp.c:1289: msg dropped due to exceed max packet size 1933 1054!
2026-03-10 17:36:15 [54772] WARN  broker_tcp.c:1289: msg dropped due to exceed max packet size 1937 1054!
2026-03-10 17:36:16 [54772] WARN  broker_tcp.c:1289: msg dropped due to exceed max packet size 1934 1054!
2026-03-10 17:36:17 [54772] WARN  broker_tcp.c:1289: msg dropped due to exceed max packet size 1934 1054!
2026-03-10 17:36:18 [54772] WARN  broker_tcp.c:1289: msg dropped due to exceed max packet size 1941 1054!
2026-03-10 17:36:19 [54772] WARN  broker_tcp.c:1289: msg dropped due to exceed max packet size 1939 1054!
2026-03-10 17:36:20 [54772] WARN  broker_tcp.c:1289: msg dropped due to exceed max packet size 1942 1054!
2026-03-10 17:36:21 [54772] WARN  broker_tcp.c:1289: msg dropped due to exceed max packet size 1936 1054!
2026-03-10 17:36:22 [54772] WARN  broker_tcp.c:1289: msg dropped due to exceed max packet size 1933 1054!
2026-03-10 17:36:23 [54772] WARN  broker_tcp.c:1289: msg dropped due to exceed max packet size 1933 1054!
2026-03-10 17:36:24 [54772] WARN  broker_tcp.c:1289: msg dropped due to exceed max packet size 1936 1054!
2026-03-10 17:36:25 [54772] WARN  broker_tcp.c:1289: msg dropped due to exceed max packet size 1940 1054!
2026-03-10 17:36:26 [54772] WARN  broker_tcp.c:1289: msg dropped due to exceed max packet size 1935 1054!
2026-03-10 17:36:27 [54772] WARN  broker_tcp.c:1289: msg dropped due to exceed max packet size 1926 1054!
2026-03-10 17:36:28 [54772] WARN  broker_tcp.c:1289: msg dropped due to exceed max packet size 1928 1054!
2026-03-10 17:36:29 [54772] WARN  broker_tcp.c:1289: msg dropped due to exceed max packet size 1932 1054!
2026-03-10 17:36:30 [54772] WARN  broker_tcp.c:1289: msg dropped due to exceed max packet size 1928 1054!
2026-03-10 17:36:31 [54772] WARN  broker_tcp.c:1289: msg dropped due to exceed max packet size 1931 1054!
2026-03-10 17:36:32 [54772] WARN  broker_tcp.c:1289: msg dropped due to exceed max packet size 1936 1054!
2026-03-10 17:36:33 [54772] WARN  broker_tcp.c:1289: msg dropped due to exceed max packet size 1934 1054!
2026-03-10 17:36:34 [54772] WARN  broker_tcp.c:1289: msg dropped due to exceed max packet size 1932 1054!
2026-03-10 17:36:34 [54772] WARN  broker_tcp.c:683: nni aio recv error!! Unknown error #64

2026-03-10 17:36:34 [54772] WARN  broker_tcp.c:974: tcptran_pipe_recv_cb: recv_error rv: 128

2026-03-10 17:36:34 [54772] WARN  nmq_mqtt.c:994: cgn-gateway pipe close!
2026-03-10 17:36:34 [54772] WARN  mqtt_parser.c:1358: cgn-gateway offline!
2026-03-10 17:38:35 [54772] WARN  mqtt_parser.c:1354: cgn-gateway online!
2026-03-10 17:38:36 [54772] WARN  broker_tcp.c:1289: msg dropped due to exceed max packet size 1932 1054!
2026-03-10 17:38:36 [54772] WARN  broker_tcp.c:1289: msg dropped due to exceed max packet size 1943 1054!
2026-03-10 17:38:37 [54772] WARN  broker_tcp.c:1289: msg dropped due to exceed max packet size 1938 1054!
2026-03-10 17:38:38 [54772] WARN  broker_tcp.c:1289: msg dropped due to exceed max packet size 1931 1054!
2026-03-10 17:38:39 [54772] WARN  broker_tcp.c:1289: msg dropped due to exceed max packet size 1931 1054!
2026-03-10 17:38:40 [54772] WARN  broker_tcp.c:1289: msg dropped due to exceed max packet size 1925 1054!
2026-03-10 17:38:41 [54772] WARN  broker_tcp.c:1289: msg dropped due to exceed max packet size 1937 1054!
2026-03-10 17:38:42 [54772] WARN  broker_tcp.c:1289: msg dropped due to exceed max packet size 1934 1054!
2026-03-10 17:38:43 [54772] WARN  broker_tcp.c:1289: msg dropped due to exceed max packet size 1934 1054!
2026-03-10 17:38:44 [54772] WARN  broker_tcp.c:1289: msg dropped due to exceed max packet size 1919 1054!
2026-03-10 17:38:45 [54772] WARN  broker_tcp.c:1289: msg dropped due to exceed max packet size 1935 1054!
2026-03-10 17:38:46 [54772] WARN  broker_tcp.c:1289: msg dropped due to exceed max packet size 1931 1054!
2026-03-10 17:38:47 [54772] WARN  broker_tcp.c:1289: msg dropped due to exceed max packet size 1920 1054!
2026-03-10 17:38:48 [54772] WARN  broker_tcp.c:1289: msg dropped due to exceed max packet size 1935 1054!
2026-03-10 17:38:49 [54772] WARN  broker_tcp.c:1289: msg dropped due to exceed max packet size 1937 1054!
2026-03-10 17:38:50 [54772] WARN  broker_tcp.c:683: nni aio recv error!! Unknown error #64

2026-03-10 17:38:50 [54772] WARN  broker_tcp.c:974: tcptran_pipe_recv_cb: recv_error rv: 128

2026-03-10 17:38:50 [54772] WARN  nmq_mqtt.c:994: cgn-gateway pipe close!
2026-03-10 17:38:50 [54772] WARN  mqtt_parser.c:1358: cgn-gateway offline!
2026-03-10 17:40:02 [54772] WARN  mqtt_parser.c:1354: cgn-gateway online!
2026-03-10 17:40:02 [54772] WARN  broker_tcp.c:1289: msg dropped due to exceed max packet size 1924 1054!
2026-03-10 17:40:02 [54772] WARN  broker_tcp.c:1289: msg dropped due to exceed max packet size 1936 1054!
2026-03-10 17:40:03 [54772] WARN  broker_tcp.c:1289: msg dropped due to exceed max packet size 1936 1054!
2026-03-10 17:40:04 [54772] WARN  broker_tcp.c:1289: msg dropped due to exceed max packet size 1924 1054!
2026-03-10 17:40:05 [54772] WARN  broker_tcp.c:1289: msg dropped due to exceed max packet size 1934 1054!
2026-03-10 17:40:06 [54772] WARN  broker_tcp.c:1289: msg dropped due to exceed max packet size 1931 1054!
2026-03-10 17:40:07 [54772] WARN  broker_tcp.c:1289: msg dropped due to exceed max packet size 1940 1054!
2026-03-10 17:40:08 [54772] WARN  broker_tcp.c:1289: msg dropped due to exceed max packet size 1930 1054!
2026-03-10 17:40:09 [54772] WARN  broker_tcp.c:1289: msg dropped due to exceed max packet size 1937 1054!
2026-03-10 17:40:10 [54772] WARN  broker_tcp.c:1289: msg dropped due to exceed max packet size 1936 1054!
2026-03-10 17:40:11 [54772] WARN  broker_tcp.c:1289: msg dropped due to exceed max packet size 1939 1054!
2026-03-10 17:40:12 [54772] WARN  broker_tcp.c:1289: msg dropped due to exceed max packet size 1938 1054!
2026-03-10 17:40:13 [54772] WARN  broker_tcp.c:1289: msg dropped due to exceed max packet size 1935 1054!
2026-03-10 17:40:14 [54772] WARN  broker_tcp.c:1289: msg dropped due to exceed max packet size 1931 1054!
2026-03-10 17:40:15 [54772] WARN  broker_tcp.c:1289: msg dropped due to exceed max packet size 1934 1054!
2026-03-10 17:40:16 [54772] WARN  broker_tcp.c:1289: msg dropped due to exceed max packet size 1939 1054!
2026-03-10 17:40:17 [54772] WARN  broker_tcp.c:1289: msg dropped due to exceed max packet size 1939 1054!
2026-03-10 17:40:18 [54772] WARN  broker_tcp.c:1289: msg dropped due to exceed max packet size 1925 1054!
2026-03-10 17:40:19 [54772] WARN  broker_tcp.c:1289: msg dropped due to exceed max packet size 1931 1054!
2026-03-10 17:40:20 [54772] WARN  broker_tcp.c:1289: msg dropped due to exceed max packet size 1935 1054!
2026-03-10 17:40:21 [54772] WARN  broker_tcp.c:1289: msg dropped due to exceed max packet size 1929 1054!
2026-03-10 17:40:22 [54772] WARN  broker_tcp.c:1289: msg dropped due to exceed max packet size 1937 1054!
2026-03-10 17:40:23 [54772] WARN  broker_tcp.c:1289: msg dropped due to exceed max packet size 1937 1054!
2026-03-10 17:40:24 [54772] WARN  broker_tcp.c:1289: msg dropped due to exceed max packet size 1932 1054!
2026-03-10 17:40:25 [54772] WARN  broker_tcp.c:1289: msg dropped due to exceed max packet size 1937 1054!
2026-03-10 17:40:26 [54772] WARN  broker_tcp.c:1289: msg dropped due to exceed max packet size 1934 1054!
2026-03-10 17:40:28 [54772] WARN  broker_tcp.c:1289: msg dropped due to exceed max packet size 1930 1054!
2026-03-10 17:40:29 [54772] WARN  broker_tcp.c:1289: msg dropped due to exceed max packet size 1924 1054!
2026-03-10 17:40:30 [54772] WARN  broker_tcp.c:1289: msg dropped due to exceed max packet size 1938 1054!
2026-03-10 17:40:31 [54772] WARN  broker_tcp.c:1289: msg dropped due to exceed max packet size 1938 1054!
2026-03-10 17:40:32 [54772] WARN  broker_tcp.c:1289: msg dropped due to exceed max packet size 1937 1054!
2026-03-10 17:40:33 [54772] WARN  broker_tcp.c:1289: msg dropped due to exceed max packet size 1940 1054!
2026-03-10 17:40:34 [54772] WARN  broker_tcp.c:1289: msg dropped due to exceed max packet size 1935 1054!
2026-03-10 17:40:34 [54772] WARN  nmq_mqtt.c:994: cgn-gateway pipe close!
2026-03-10 17:40:34 [54772] WARN  mqtt_parser.c:1358: cgn-gateway offline!
2026-03-10 17:43:39 [54772] WARN  mqtt_parser.c:1354: cgn-gateway-pub online!
2026-03-10 17:43:40 [54772] WARN  broker_tcp.c:1289: msg dropped due to exceed max packet size 3816 1054!
2026-03-10 17:43:41 [54772] WARN  broker_tcp.c:1289: msg dropped due to exceed max packet size 1927 1054!
2026-03-10 17:43:42 [54772] WARN  broker_tcp.c:1289: msg dropped due to exceed max packet size 1926 1054!
2026-03-10 17:43:43 [54772] WARN  broker_tcp.c:1289: msg dropped due to exceed max packet size 1936 1054!
2026-03-10 17:43:44 [54772] WARN  broker_tcp.c:1289: msg dropped due to exceed max packet size 1920 1054!
2026-03-10 17:43:45 [54772] WARN  broker_tcp.c:1289: msg dropped due to exceed max packet size 1931 1054!
2026-03-10 17:43:46 [54772] WARN  broker_tcp.c:1289: msg dropped due to exceed max packet size 1931 1054!
2026-03-10 17:43:47 [54772] WARN  broker_tcp.c:1289: msg dropped due to exceed max packet size 1933 1054!
2026-03-10 17:43:47 [54772] WARN  broker_tcp.c:683: nni aio recv error!! Unknown error #64

2026-03-10 17:43:47 [54772] WARN  broker_tcp.c:974: tcptran_pipe_recv_cb: recv_error rv: 128

2026-03-10 17:43:47 [54772] WARN  nmq_mqtt.c:994: cgn-gateway-pub pipe close!
2026-03-10 17:43:47 [54772] WARN  mqtt_parser.c:1358: cgn-gateway-pub offline!
2026-03-10 17:44:44 [54772] WARN  mqtt_parser.c:1354: cgn-gateway-pub online!
2026-03-10 17:44:44 [54772] WARN  broker_tcp.c:1289: msg dropped due to exceed max packet size 1936 1054!
2026-03-10 17:44:44 [54772] WARN  broker_tcp.c:1289: msg dropped due to exceed max packet size 1930 1054!
2026-03-10 17:44:45 [54772] WARN  broker_tcp.c:1289: msg dropped due to exceed max packet size 1923 1054!
2026-03-10 17:44:46 [54772] WARN  broker_tcp.c:1289: msg dropped due to exceed max packet size 1940 1054!
2026-03-10 17:44:47 [54772] WARN  broker_tcp.c:1289: msg dropped due to exceed max packet size 1931 1054!
2026-03-10 17:44:48 [54772] WARN  broker_tcp.c:1289: msg dropped due to exceed max packet size 1931 1054!
2026-03-10 17:44:49 [54772] WARN  broker_tcp.c:1289: msg dropped due to exceed max packet size 1931 1054!
2026-03-10 17:44:50 [54772] WARN  broker_tcp.c:1289: msg dropped due to exceed max packet size 1929 1054!
2026-03-10 17:44:51 [54772] WARN  broker_tcp.c:1289: msg dropped due to exceed max packet size 1932 1054!
2026-03-10 17:44:52 [54772] WARN  broker_tcp.c:1289: msg dropped due to exceed max packet size 1932 1054!
2026-03-10 17:44:53 [54772] WARN  broker_tcp.c:1289: msg dropped due to exceed max packet size 1937 1054!
2026-03-10 17:44:54 [54772] WARN  broker_tcp.c:1289: msg dropped due to exceed max packet size 1934 1054!
2026-03-10 17:44:55 [54772] WARN  broker_tcp.c:1289: msg dropped due to exceed max packet size 1931 1054!
2026-03-10 17:44:56 [54772] WARN  broker_tcp.c:1289: msg dropped due to exceed max packet size 1929 1054!
2026-03-10 17:44:57 [54772] WARN  broker_tcp.c:1289: msg dropped due to exceed max packet size 1932 1054!
2026-03-10 17:44:58 [54772] WARN  broker_tcp.c:1289: msg dropped due to exceed max packet size 1940 1054!
2026-03-10 17:44:59 [54772] WARN  nmq_mqtt.c:994: cgn-gateway-pub pipe close!
2026-03-10 17:44:59 [54772] WARN  mqtt_parser.c:1358: cgn-gateway-pub offline!
2026-03-10 17:52:01 [56172] WARN  broker.c:2150: Default bridging Clientid is nanomq-4c45a439
2026-03-10 17:52:01 [56172] WARN  broker.c:1261: EMQX Edge (ver 1.3.0) Serving MQTT TCP on nmq-tcp://0.0.0.0:1883
2026-03-10 17:52:01 [56172] WARN  broker.c:1290: EMQX Edge (ver 1.3.0) Serving MQTT over WebSocket on nmq-ws://0.0.0.0:8083/mqtt
2026-03-10 17:52:01 [56172] WARN  web_server.c:348: Http Server folder set to D:\Mycode\CGNgateway-go\emqx-edge-1.3.0-windows-x86_64/dist
2026-03-10 17:52:01 [56172] WARN  broker.c:1376: EMQX Edge (ver 1.3.0) Serving HTTP Server on http://0.0.0.0:8081
2026-03-10 17:52:01 [56172] WARN  broker.c:1459: NanoMQ Broker is started successfully!

2026-03-10 17:52:07 [56172] WARN  mqtt_parser.c:744: 0 length of username found! It is a malformed CONNECT!					  But we let it bypass rules due to compatiblity.
2026-03-10 17:52:07 [56172] WARN  mqtt_parser.c:1354: mqttx_b04ac9b6 online!
2026-03-10 17:52:12 [56172] WARN  mqtt_parser.c:1354: cgn-gateway-pub online!
2026-03-10 17:54:20 [56172] WARN  nmq_mqtt.c:994: cgn-gateway-pub pipe close!
2026-03-10 17:54:20 [56172] WARN  mqtt_parser.c:1358: cgn-gateway-pub offline!
2026-03-10 17:54:36 [56172] WARN  mqtt_parser.c:1354: cgn-gateway-pub online!
2026-03-10 17:56:31 [56172] WARN  nmq_mqtt.c:994: cgn-gateway-pub pipe close!
2026-03-10 17:56:31 [56172] WARN  mqtt_parser.c:1358: cgn-gateway-pub offline!
2026-03-10 17:56:33 [56172] WARN  mqtt_parser.c:1354: cgn-gateway-pub online!
2026-03-10 18:00:22 [56172] WARN  nmq_mqtt.c:994: cgn-gateway-pub pipe close!
2026-03-10 18:00:22 [56172] WARN  mqtt_parser.c:1358: cgn-gateway-pub offline!
2026-03-10 18:00:23 [56172] WARN  mqtt_parser.c:1354: cgn-gateway-pub online!
2026-03-10 18:21:45 [56172] WARN  nmq_mqtt.c:249: Warning: close pipe & kick client due to KeepAlive timeout!
2026-03-10 18:21:45 [56172] WARN  nmq_mqtt.c:994: mqttx_b04ac9b6 pipe close!
2026-03-10 18:21:45 [56172] WARN  mqtt_parser.c:1358: mqttx_b04ac9b6 offline!
2026-03-10 18:21:45 [56172] WARN  broker_tcp.c:683: nni aio recv error!! Object closed

2026-03-10 18:21:45 [56172] WARN  broker_tcp.c:974: tcptran_pipe_recv_cb: recv_error rv: 139

2026-03-10 18:21:50 [56172] WARN  mqtt_parser.c:744: 0 length of username found! It is a malformed CONNECT!					  But we let it bypass rules due to compatiblity.
2026-03-10 18:21:50 [56172] WARN  mqtt_parser.c:1354: mqttx_b04ac9b6 online!
2026-03-10 18:27:15 [56172] WARN  nmq_mqtt.c:249: Warning: close pipe & kick client due to KeepAlive timeout!
2026-03-10 18:27:15 [56172] WARN  nmq_mqtt.c:994: mqttx_b04ac9b6 pipe close!
2026-03-10 18:27:15 [56172] WARN  broker_tcp.c:683: nni aio recv error!! Object closed

2026-03-10 18:27:15 [56172] WARN  broker_tcp.c:974: tcptran_pipe_recv_cb: recv_error rv: 139

2026-03-10 18:27:15 [56172] WARN  mqtt_parser.c:1358: mqttx_b04ac9b6 offline!
2026-03-10 18:27:20 [56172] WARN  mqtt_parser.c:744: 0 length of username found! It is a malformed CONNECT!					  But we let it bypass rules due to compatiblity.
2026-03-10 18:27:20 [56172] WARN  mqtt_parser.c:1354: mqttx_b04ac9b6 online!
2026-03-10 18:32:45 [56172] WARN  nmq_mqtt.c:249: Warning: close pipe & kick client due to KeepAlive timeout!
2026-03-10 18:32:45 [56172] WARN  broker_tcp.c:683: nni aio recv error!! Object closed

2026-03-10 18:32:45 [56172] WARN  nmq_mqtt.c:994: mqttx_b04ac9b6 pipe close!
2026-03-10 18:32:45 [56172] WARN  broker_tcp.c:974: tcptran_pipe_recv_cb: recv_error rv: 139

2026-03-10 18:32:45 [56172] WARN  mqtt_parser.c:1358: mqttx_b04ac9b6 offline!
2026-03-10 18:32:50 [56172] WARN  mqtt_parser.c:744: 0 length of username found! It is a malformed CONNECT!					  But we let it bypass rules due to compatiblity.
2026-03-10 18:32:50 [56172] WARN  mqtt_parser.c:1354: mqttx_b04ac9b6 online!
2026-03-10 18:51:46 [56172] WARN  nmq_mqtt.c:249: Warning: close pipe & kick client due to KeepAlive timeout!
2026-03-10 18:51:46 [56172] WARN  nmq_mqtt.c:994: mqttx_b04ac9b6 pipe close!
2026-03-10 18:51:46 [56172] WARN  broker_tcp.c:683: nni aio recv error!! Object closed

2026-03-10 18:51:46 [56172] WARN  mqtt_parser.c:1358: mqttx_b04ac9b6 offline!
2026-03-10 18:51:46 [56172] WARN  broker_tcp.c:974: tcptran_pipe_recv_cb: recv_error rv: 139

2026-03-10 18:51:51 [56172] WARN  mqtt_parser.c:744: 0 length of username found! It is a malformed CONNECT!					  But we let it bypass rules due to compatiblity.
2026-03-10 18:51:51 [56172] WARN  mqtt_parser.c:1354: mqttx_b04ac9b6 online!
2026-03-10 18:57:16 [56172] WARN  nmq_mqtt.c:249: Warning: close pipe & kick client due to KeepAlive timeout!
2026-03-10 18:57:16 [56172] WARN  broker_tcp.c:683: nni aio recv error!! Object closed

2026-03-10 18:57:16 [56172] WARN  broker_tcp.c:974: tcptran_pipe_recv_cb: recv_error rv: 139

2026-03-10 18:57:16 [56172] WARN  nmq_mqtt.c:994: mqttx_b04ac9b6 pipe close!
2026-03-10 18:57:16 [56172] WARN  mqtt_parser.c:1358: mqttx_b04ac9b6 offline!
2026-03-10 18:57:21 [56172] WARN  mqtt_parser.c:744: 0 length of username found! It is a malformed CONNECT!					  But we let it bypass rules due to compatiblity.
2026-03-10 18:57:21 [56172] WARN  mqtt_parser.c:1354: mqttx_b04ac9b6 online!
2026-03-10 19:02:46 [56172] WARN  nmq_mqtt.c:249: Warning: close pipe & kick client due to KeepAlive timeout!
2026-03-10 19:02:46 [56172] WARN  nmq_mqtt.c:994: mqttx_b04ac9b6 pipe close!
2026-03-10 19:02:46 [56172] WARN  mqtt_parser.c:1358: mqttx_b04ac9b6 offline!
2026-03-10 19:02:46 [56172] WARN  broker_tcp.c:683: nni aio recv error!! Object closed

2026-03-10 19:02:46 [56172] WARN  broker_tcp.c:974: tcptran_pipe_recv_cb: recv_error rv: 139

2026-03-10 19:02:51 [56172] WARN  mqtt_parser.c:744: 0 length of username found! It is a malformed CONNECT!					  But we let it bypass rules due to compatiblity.
2026-03-10 19:02:51 [56172] WARN  mqtt_parser.c:1354: mqttx_b04ac9b6 online!
2026-03-10 19:19:17 [56172] WARN  nmq_mqtt.c:249: Warning: close pipe & kick client due to KeepAlive timeout!
2026-03-10 19:19:17 [56172] WARN  nmq_mqtt.c:994: mqttx_b04ac9b6 pipe close!
2026-03-10 19:19:17 [56172] WARN  broker_tcp.c:683: nni aio recv error!! Object closed

2026-03-10 19:19:17 [56172] WARN  mqtt_parser.c:1358: mqttx_b04ac9b6 offline!
2026-03-10 19:19:17 [56172] WARN  broker_tcp.c:974: tcptran_pipe_recv_cb: recv_error rv: 139

2026-03-10 19:19:22 [56172] WARN  mqtt_parser.c:744: 0 length of username found! It is a malformed CONNECT!					  But we let it bypass rules due to compatiblity.
2026-03-10 19:19:22 [56172] WARN  mqtt_parser.c:1354: mqttx_b04ac9b6 online!
2026-03-10 19:24:47 [56172] WARN  nmq_mqtt.c:249: Warning: close pipe & kick client due to KeepAlive timeout!
2026-03-10 19:24:47 [56172] WARN  nmq_mqtt.c:994: mqttx_b04ac9b6 pipe close!
2026-03-10 19:24:47 [56172] WARN  broker_tcp.c:683: nni aio recv error!! Object closed

2026-03-10 19:24:47 [56172] WARN  broker_tcp.c:974: tcptran_pipe_recv_cb: recv_error rv: 139

2026-03-10 19:24:47 [56172] WARN  mqtt_parser.c:1358: mqttx_b04ac9b6 offline!
2026-03-10 19:24:52 [56172] WARN  mqtt_parser.c:744: 0 length of username found! It is a malformed CONNECT!					  But we let it bypass rules due to compatiblity.
2026-03-10 19:24:52 [56172] WARN  mqtt_parser.c:1354: mqttx_b04ac9b6 online!
2026-03-10 19:30:17 [56172] WARN  nmq_mqtt.c:249: Warning: close pipe & kick client due to KeepAlive timeout!
2026-03-10 19:30:17 [56172] WARN  nmq_mqtt.c:994: mqttx_b04ac9b6 pipe close!
2026-03-10 19:30:17 [56172] WARN  broker_tcp.c:683: nni aio recv error!! Object closed

2026-03-10 19:30:17 [56172] WARN  broker_tcp.c:974: tcptran_pipe_recv_cb: recv_error rv: 139

2026-03-10 19:30:17 [56172] WARN  mqtt_parser.c:1358: mqttx_b04ac9b6 offline!
2026-03-10 19:30:22 [56172] WARN  mqtt_parser.c:744: 0 length of username found! It is a malformed CONNECT!					  But we let it bypass rules due to compatiblity.
2026-03-10 19:30:22 [56172] WARN  mqtt_parser.c:1354: mqttx_b04ac9b6 online!
2026-03-10 20:01:03 [56172] WARN  nmq_mqtt.c:249: Warning: close pipe & kick client due to KeepAlive timeout!
2026-03-10 20:01:03 [56172] WARN  nmq_mqtt.c:994: mqttx_b04ac9b6 pipe close!
2026-03-10 20:01:03 [56172] WARN  broker_tcp.c:683: nni aio recv error!! Object closed

2026-03-10 20:01:03 [56172] WARN  mqtt_parser.c:1358: mqttx_b04ac9b6 offline!
2026-03-10 20:01:03 [56172] WARN  broker_tcp.c:974: tcptran_pipe_recv_cb: recv_error rv: 139

2026-03-10 20:01:08 [56172] WARN  mqtt_parser.c:744: 0 length of username found! It is a malformed CONNECT!					  But we let it bypass rules due to compatiblity.
2026-03-10 20:01:08 [56172] WARN  mqtt_parser.c:1354: mqttx_b04ac9b6 online!
2026-03-10 20:08:44 [56172] WARN  nmq_mqtt.c:249: Warning: close pipe & kick client due to KeepAlive timeout!
2026-03-10 20:08:44 [56172] WARN  broker_tcp.c:683: nni aio recv error!! Object closed

2026-03-10 20:08:44 [56172] WARN  nmq_mqtt.c:994: mqttx_b04ac9b6 pipe close!
2026-03-10 20:08:44 [56172] WARN  broker_tcp.c:974: tcptran_pipe_recv_cb: recv_error rv: 139

2026-03-10 20:08:44 [56172] WARN  mqtt_parser.c:1358: mqttx_b04ac9b6 offline!
2026-03-10 20:08:48 [56172] WARN  mqtt_parser.c:744: 0 length of username found! It is a malformed CONNECT!					  But we let it bypass rules due to compatiblity.
2026-03-10 20:08:48 [56172] WARN  mqtt_parser.c:1354: mqttx_b04ac9b6 online!
2026-03-10 20:14:14 [56172] WARN  nmq_mqtt.c:249: Warning: close pipe & kick client due to KeepAlive timeout!
2026-03-10 20:14:14 [56172] WARN  nmq_mqtt.c:994: mqttx_b04ac9b6 pipe close!
2026-03-10 20:14:14 [56172] WARN  broker_tcp.c:683: nni aio recv error!! Object closed

2026-03-10 20:14:14 [56172] WARN  mqtt_parser.c:1358: mqttx_b04ac9b6 offline!
2026-03-10 20:14:14 [56172] WARN  broker_tcp.c:974: tcptran_pipe_recv_cb: recv_error rv: 139

2026-03-10 20:14:18 [56172] WARN  mqtt_parser.c:744: 0 length of username found! It is a malformed CONNECT!					  But we let it bypass rules due to compatiblity.
2026-03-10 20:14:18 [56172] WARN  mqtt_parser.c:1354: mqttx_b04ac9b6 online!
2026-03-10 20:15:53 [56172] WARN  nmq_mqtt.c:249: Warning: close pipe & kick client due to KeepAlive timeout!
2026-03-10 20:15:53 [56172] WARN  broker_tcp.c:683: nni aio recv error!! Object closed

2026-03-10 20:15:53 [56172] WARN  nmq_mqtt.c:994: mqttx_b04ac9b6 pipe close!
2026-03-10 20:15:53 [56172] WARN  mqtt_parser.c:1358: mqttx_b04ac9b6 offline!
2026-03-10 20:15:53 [56172] WARN  broker_tcp.c:974: tcptran_pipe_recv_cb: recv_error rv: 139

